17:21:32,565 __main__ INFO 9 Running Urban Planning
17:21:32,817 requests_oauthlib.oauth1_auth DEBUG 63 Signing request <PreparedRequest [POST]> using client <Client nonce=None, signature_method=HMAC-SHA1, realm=None, encoding=utf-8, timestamp=None, resource_owner_secret=****, decoding=utf-8, verifier=None, signature_type=AUTH_HEADER, rsa_key=None, resource_owner_key=151356238-WXtfWUZphySy0Em9qizCozVJA9FVue66Pfe2u2Xo, client_secret=****, callback_uri=None, client_key=SQBP5hqu3KFAoA8V8kIYvz0ko>
17:21:32,817 requests_oauthlib.oauth1_auth DEBUG 75 Including body in call to sign: True
17:21:32,818 oauthlib.oauth1.rfc5849 DEBUG 135 Collected params: [(u'oauth_nonce', u'170746130460237590491518781892'), (u'oauth_timestamp', u'1518781892'), (u'oauth_consumer_key', u'SQBP5hqu3KFAoA8V8kIYvz0ko'), (u'oauth_signature_method', u'HMAC-SHA1'), (u'oauth_version', u'1.0'), (u'oauth_token', u'151356238-WXtfWUZphySy0Em9qizCozVJA9FVue66Pfe2u2Xo'), (u'track', u'technology')]
17:21:32,818 oauthlib.oauth1.rfc5849 DEBUG 140 Normalized params: oauth_consumer_key=SQBP5hqu3KFAoA8V8kIYvz0ko&oauth_nonce=170746130460237590491518781892&oauth_signature_method=HMAC-SHA1&oauth_timestamp=1518781892&oauth_token=151356238-WXtfWUZphySy0Em9qizCozVJA9FVue66Pfe2u2Xo&oauth_version=1.0&track=technology
17:21:32,818 oauthlib.oauth1.rfc5849 DEBUG 141 Normalized URI: https://stream.twitter.com/1.1/statuses/filter.json
17:21:32,818 oauthlib.oauth1.rfc5849 DEBUG 146 Signing: signature base string: POST&https%3A%2F%2Fstream.twitter.com%2F1.1%2Fstatuses%2Ffilter.json&oauth_consumer_key%3DSQBP5hqu3KFAoA8V8kIYvz0ko%26oauth_nonce%3D170746130460237590491518781892%26oauth_signature_method%3DHMAC-SHA1%26oauth_timestamp%3D1518781892%26oauth_token%3D151356238-WXtfWUZphySy0Em9qizCozVJA9FVue66Pfe2u2Xo%26oauth_version%3D1.0%26track%3Dtechnology
17:21:32,819 oauthlib.oauth1.rfc5849 DEBUG 153 Signature: +g1/le1FB6dSaCrr+gruGeKOQoM=
17:21:32,819 oauthlib.oauth1.rfc5849 DEBUG 321 Encoding URI, headers and body to utf-8.
17:21:32,819 requests_oauthlib.oauth1_auth DEBUG 92 Updated url: https://stream.twitter.com/1.1/statuses/filter.json
17:21:32,819 requests_oauthlib.oauth1_auth DEBUG 93 Updated headers: {'Content-Length': '16', 'Content-Type': 'application/x-www-form-urlencoded', 'Authorization': 'OAuth oauth_nonce="170746130460237590491518781892", oauth_timestamp="1518781892", oauth_version="1.0", oauth_signature_method="HMAC-SHA1", oauth_consumer_key="SQBP5hqu3KFAoA8V8kIYvz0ko", oauth_token="151356238-WXtfWUZphySy0Em9qizCozVJA9FVue66Pfe2u2Xo", oauth_signature="%2Bg1%2Fle1FB6dSaCrr%2BgruGeKOQoM%3D"', 'User-Agent': 'Birdy Twitter Client v0.3.2'}
17:21:32,819 requests_oauthlib.oauth1_auth DEBUG 94 Updated body: 'track=technology'
17:21:32,820 urllib3.connectionpool DEBUG 824 Starting new HTTPS connection (1): stream.twitter.com
17:21:39,10 urllib3.connectionpool DEBUG 396 https://stream.twitter.com:443 "POST /1.1/statuses/filter.json HTTP/1.1" 420 67
17:21:39,12 __main__ ERROR 51 <type 'exceptions.Exception'>
17:21:39,12 requests_oauthlib.oauth1_auth DEBUG 63 Signing request <PreparedRequest [POST]> using client <Client nonce=None, signature_method=HMAC-SHA1, realm=None, encoding=utf-8, timestamp=None, resource_owner_secret=****, decoding=utf-8, verifier=None, signature_type=AUTH_HEADER, rsa_key=None, resource_owner_key=151356238-WXtfWUZphySy0Em9qizCozVJA9FVue66Pfe2u2Xo, client_secret=****, callback_uri=None, client_key=SQBP5hqu3KFAoA8V8kIYvz0ko>
17:21:39,13 requests_oauthlib.oauth1_auth DEBUG 75 Including body in call to sign: True
17:21:39,13 oauthlib.oauth1.rfc5849 DEBUG 135 Collected params: [(u'oauth_nonce', u'47727806975460593411518781899'), (u'oauth_timestamp', u'1518781899'), (u'oauth_consumer_key', u'SQBP5hqu3KFAoA8V8kIYvz0ko'), (u'oauth_signature_method', u'HMAC-SHA1'), (u'oauth_version', u'1.0'), (u'oauth_token', u'151356238-WXtfWUZphySy0Em9qizCozVJA9FVue66Pfe2u2Xo'), (u'track', u'technology')]
17:21:39,14 oauthlib.oauth1.rfc5849 DEBUG 140 Normalized params: oauth_consumer_key=SQBP5hqu3KFAoA8V8kIYvz0ko&oauth_nonce=47727806975460593411518781899&oauth_signature_method=HMAC-SHA1&oauth_timestamp=1518781899&oauth_token=151356238-WXtfWUZphySy0Em9qizCozVJA9FVue66Pfe2u2Xo&oauth_version=1.0&track=technology
17:21:39,14 oauthlib.oauth1.rfc5849 DEBUG 141 Normalized URI: https://stream.twitter.com/1.1/statuses/filter.json
17:21:39,14 oauthlib.oauth1.rfc5849 DEBUG 146 Signing: signature base string: POST&https%3A%2F%2Fstream.twitter.com%2F1.1%2Fstatuses%2Ffilter.json&oauth_consumer_key%3DSQBP5hqu3KFAoA8V8kIYvz0ko%26oauth_nonce%3D47727806975460593411518781899%26oauth_signature_method%3DHMAC-SHA1%26oauth_timestamp%3D1518781899%26oauth_token%3D151356238-WXtfWUZphySy0Em9qizCozVJA9FVue66Pfe2u2Xo%26oauth_version%3D1.0%26track%3Dtechnology
17:21:39,14 oauthlib.oauth1.rfc5849 DEBUG 153 Signature: aLoiooD8Ee6Tkk+vZby6Vseak+k=
17:21:39,15 oauthlib.oauth1.rfc5849 DEBUG 321 Encoding URI, headers and body to utf-8.
17:21:39,15 requests_oauthlib.oauth1_auth DEBUG 92 Updated url: https://stream.twitter.com/1.1/statuses/filter.json
17:21:39,15 requests_oauthlib.oauth1_auth DEBUG 93 Updated headers: {'Content-Length': '16', 'Content-Type': 'application/x-www-form-urlencoded', 'Authorization': 'OAuth oauth_nonce="47727806975460593411518781899", oauth_timestamp="1518781899", oauth_version="1.0", oauth_signature_method="HMAC-SHA1", oauth_consumer_key="SQBP5hqu3KFAoA8V8kIYvz0ko", oauth_token="151356238-WXtfWUZphySy0Em9qizCozVJA9FVue66Pfe2u2Xo", oauth_signature="aLoiooD8Ee6Tkk%2BvZby6Vseak%2Bk%3D"', 'User-Agent': 'Birdy Twitter Client v0.3.2'}
17:21:39,15 requests_oauthlib.oauth1_auth DEBUG 94 Updated body: 'track=technology'
17:21:39,16 urllib3.connectionpool DEBUG 243 Resetting dropped connection: stream.twitter.com
17:21:45,230 urllib3.connectionpool DEBUG 396 https://stream.twitter.com:443 "POST /1.1/statuses/filter.json HTTP/1.1" 420 67
17:21:45,232 __main__ ERROR 51 <type 'exceptions.Exception'>
17:21:45,234 requests_oauthlib.oauth1_auth DEBUG 63 Signing request <PreparedRequest [POST]> using client <Client nonce=None, signature_method=HMAC-SHA1, realm=None, encoding=utf-8, timestamp=None, resource_owner_secret=****, decoding=utf-8, verifier=None, signature_type=AUTH_HEADER, rsa_key=None, resource_owner_key=151356238-WXtfWUZphySy0Em9qizCozVJA9FVue66Pfe2u2Xo, client_secret=****, callback_uri=None, client_key=SQBP5hqu3KFAoA8V8kIYvz0ko>
17:21:45,235 requests_oauthlib.oauth1_auth DEBUG 75 Including body in call to sign: True
17:21:45,237 oauthlib.oauth1.rfc5849 DEBUG 135 Collected params: [(u'oauth_nonce', u'132998324326738006881518781905'), (u'oauth_timestamp', u'1518781905'), (u'oauth_consumer_key', u'SQBP5hqu3KFAoA8V8kIYvz0ko'), (u'oauth_signature_method', u'HMAC-SHA1'), (u'oauth_version', u'1.0'), (u'oauth_token', u'151356238-WXtfWUZphySy0Em9qizCozVJA9FVue66Pfe2u2Xo'), (u'track', u'technology')]
17:21:45,237 oauthlib.oauth1.rfc5849 DEBUG 140 Normalized params: oauth_consumer_key=SQBP5hqu3KFAoA8V8kIYvz0ko&oauth_nonce=132998324326738006881518781905&oauth_signature_method=HMAC-SHA1&oauth_timestamp=1518781905&oauth_token=151356238-WXtfWUZphySy0Em9qizCozVJA9FVue66Pfe2u2Xo&oauth_version=1.0&track=technology
17:21:45,237 oauthlib.oauth1.rfc5849 DEBUG 141 Normalized URI: https://stream.twitter.com/1.1/statuses/filter.json
17:21:45,238 oauthlib.oauth1.rfc5849 DEBUG 146 Signing: signature base string: POST&https%3A%2F%2Fstream.twitter.com%2F1.1%2Fstatuses%2Ffilter.json&oauth_consumer_key%3DSQBP5hqu3KFAoA8V8kIYvz0ko%26oauth_nonce%3D132998324326738006881518781905%26oauth_signature_method%3DHMAC-SHA1%26oauth_timestamp%3D1518781905%26oauth_token%3D151356238-WXtfWUZphySy0Em9qizCozVJA9FVue66Pfe2u2Xo%26oauth_version%3D1.0%26track%3Dtechnology
17:21:45,238 oauthlib.oauth1.rfc5849 DEBUG 153 Signature: uD+sWgsvLEVCCDRma3rhsLL0YuU=
17:21:45,239 oauthlib.oauth1.rfc5849 DEBUG 321 Encoding URI, headers and body to utf-8.
17:21:45,239 requests_oauthlib.oauth1_auth DEBUG 92 Updated url: https://stream.twitter.com/1.1/statuses/filter.json
17:21:45,240 requests_oauthlib.oauth1_auth DEBUG 93 Updated headers: {'Content-Length': '16', 'Content-Type': 'application/x-www-form-urlencoded', 'Authorization': 'OAuth oauth_nonce="132998324326738006881518781905", oauth_timestamp="1518781905", oauth_version="1.0", oauth_signature_method="HMAC-SHA1", oauth_consumer_key="SQBP5hqu3KFAoA8V8kIYvz0ko", oauth_token="151356238-WXtfWUZphySy0Em9qizCozVJA9FVue66Pfe2u2Xo", oauth_signature="uD%2BsWgsvLEVCCDRma3rhsLL0YuU%3D"', 'User-Agent': 'Birdy Twitter Client v0.3.2'}
17:21:45,240 requests_oauthlib.oauth1_auth DEBUG 94 Updated body: 'track=technology'
17:21:45,241 urllib3.connectionpool DEBUG 243 Resetting dropped connection: stream.twitter.com
17:21:51,356 urllib3.connectionpool DEBUG 396 https://stream.twitter.com:443 "POST /1.1/statuses/filter.json HTTP/1.1" 420 67
17:21:51,357 __main__ ERROR 51 <type 'exceptions.Exception'>
17:21:51,358 requests_oauthlib.oauth1_auth DEBUG 63 Signing request <PreparedRequest [POST]> using client <Client nonce=None, signature_method=HMAC-SHA1, realm=None, encoding=utf-8, timestamp=None, resource_owner_secret=****, decoding=utf-8, verifier=None, signature_type=AUTH_HEADER, rsa_key=None, resource_owner_key=151356238-WXtfWUZphySy0Em9qizCozVJA9FVue66Pfe2u2Xo, client_secret=****, callback_uri=None, client_key=SQBP5hqu3KFAoA8V8kIYvz0ko>
17:21:51,359 requests_oauthlib.oauth1_auth DEBUG 75 Including body in call to sign: True
17:21:51,360 oauthlib.oauth1.rfc5849 DEBUG 135 Collected params: [(u'oauth_nonce', u'10599630425120481081518781911'), (u'oauth_timestamp', u'1518781911'), (u'oauth_consumer_key', u'SQBP5hqu3KFAoA8V8kIYvz0ko'), (u'oauth_signature_method', u'HMAC-SHA1'), (u'oauth_version', u'1.0'), (u'oauth_token', u'151356238-WXtfWUZphySy0Em9qizCozVJA9FVue66Pfe2u2Xo'), (u'track', u'technology')]
17:21:51,360 oauthlib.oauth1.rfc5849 DEBUG 140 Normalized params: oauth_consumer_key=SQBP5hqu3KFAoA8V8kIYvz0ko&oauth_nonce=10599630425120481081518781911&oauth_signature_method=HMAC-SHA1&oauth_timestamp=1518781911&oauth_token=151356238-WXtfWUZphySy0Em9qizCozVJA9FVue66Pfe2u2Xo&oauth_version=1.0&track=technology
17:21:51,360 oauthlib.oauth1.rfc5849 DEBUG 141 Normalized URI: https://stream.twitter.com/1.1/statuses/filter.json
17:21:51,361 oauthlib.oauth1.rfc5849 DEBUG 146 Signing: signature base string: POST&https%3A%2F%2Fstream.twitter.com%2F1.1%2Fstatuses%2Ffilter.json&oauth_consumer_key%3DSQBP5hqu3KFAoA8V8kIYvz0ko%26oauth_nonce%3D10599630425120481081518781911%26oauth_signature_method%3DHMAC-SHA1%26oauth_timestamp%3D1518781911%26oauth_token%3D151356238-WXtfWUZphySy0Em9qizCozVJA9FVue66Pfe2u2Xo%26oauth_version%3D1.0%26track%3Dtechnology
17:21:51,361 oauthlib.oauth1.rfc5849 DEBUG 153 Signature: GdGApZzKPHehP5/Wt2ceTBwJFmI=
17:21:51,361 oauthlib.oauth1.rfc5849 DEBUG 321 Encoding URI, headers and body to utf-8.
17:21:51,361 requests_oauthlib.oauth1_auth DEBUG 92 Updated url: https://stream.twitter.com/1.1/statuses/filter.json
17:21:51,362 requests_oauthlib.oauth1_auth DEBUG 93 Updated headers: {'Content-Length': '16', 'Content-Type': 'application/x-www-form-urlencoded', 'Authorization': 'OAuth oauth_nonce="10599630425120481081518781911", oauth_timestamp="1518781911", oauth_version="1.0", oauth_signature_method="HMAC-SHA1", oauth_consumer_key="SQBP5hqu3KFAoA8V8kIYvz0ko", oauth_token="151356238-WXtfWUZphySy0Em9qizCozVJA9FVue66Pfe2u2Xo", oauth_signature="GdGApZzKPHehP5%2FWt2ceTBwJFmI%3D"', 'User-Agent': 'Birdy Twitter Client v0.3.2'}
17:21:51,362 requests_oauthlib.oauth1_auth DEBUG 94 Updated body: 'track=technology'
17:21:51,363 urllib3.connectionpool DEBUG 243 Resetting dropped connection: stream.twitter.com
17:21:57,495 urllib3.connectionpool DEBUG 396 https://stream.twitter.com:443 "POST /1.1/statuses/filter.json HTTP/1.1" 420 67
17:21:57,497 __main__ ERROR 51 <type 'exceptions.Exception'>
17:21:57,498 requests_oauthlib.oauth1_auth DEBUG 63 Signing request <PreparedRequest [POST]> using client <Client nonce=None, signature_method=HMAC-SHA1, realm=None, encoding=utf-8, timestamp=None, resource_owner_secret=****, decoding=utf-8, verifier=None, signature_type=AUTH_HEADER, rsa_key=None, resource_owner_key=151356238-WXtfWUZphySy0Em9qizCozVJA9FVue66Pfe2u2Xo, client_secret=****, callback_uri=None, client_key=SQBP5hqu3KFAoA8V8kIYvz0ko>
17:21:57,498 requests_oauthlib.oauth1_auth DEBUG 75 Including body in call to sign: True
17:21:57,500 oauthlib.oauth1.rfc5849 DEBUG 135 Collected params: [(u'oauth_nonce', u'182849778461954694731518781917'), (u'oauth_timestamp', u'1518781917'), (u'oauth_consumer_key', u'SQBP5hqu3KFAoA8V8kIYvz0ko'), (u'oauth_signature_method', u'HMAC-SHA1'), (u'oauth_version', u'1.0'), (u'oauth_token', u'151356238-WXtfWUZphySy0Em9qizCozVJA9FVue66Pfe2u2Xo'), (u'track', u'technology')]
17:21:57,500 oauthlib.oauth1.rfc5849 DEBUG 140 Normalized params: oauth_consumer_key=SQBP5hqu3KFAoA8V8kIYvz0ko&oauth_nonce=182849778461954694731518781917&oauth_signature_method=HMAC-SHA1&oauth_timestamp=1518781917&oauth_token=151356238-WXtfWUZphySy0Em9qizCozVJA9FVue66Pfe2u2Xo&oauth_version=1.0&track=technology
17:21:57,500 oauthlib.oauth1.rfc5849 DEBUG 141 Normalized URI: https://stream.twitter.com/1.1/statuses/filter.json
17:21:57,500 oauthlib.oauth1.rfc5849 DEBUG 146 Signing: signature base string: POST&https%3A%2F%2Fstream.twitter.com%2F1.1%2Fstatuses%2Ffilter.json&oauth_consumer_key%3DSQBP5hqu3KFAoA8V8kIYvz0ko%26oauth_nonce%3D182849778461954694731518781917%26oauth_signature_method%3DHMAC-SHA1%26oauth_timestamp%3D1518781917%26oauth_token%3D151356238-WXtfWUZphySy0Em9qizCozVJA9FVue66Pfe2u2Xo%26oauth_version%3D1.0%26track%3Dtechnology
17:21:57,501 oauthlib.oauth1.rfc5849 DEBUG 153 Signature: uwWV3mXzsli5+mezlU9OyDcQXAY=
17:21:57,501 oauthlib.oauth1.rfc5849 DEBUG 321 Encoding URI, headers and body to utf-8.
17:21:57,501 requests_oauthlib.oauth1_auth DEBUG 92 Updated url: https://stream.twitter.com/1.1/statuses/filter.json
17:21:57,502 requests_oauthlib.oauth1_auth DEBUG 93 Updated headers: {'Content-Length': '16', 'Content-Type': 'application/x-www-form-urlencoded', 'Authorization': 'OAuth oauth_nonce="182849778461954694731518781917", oauth_timestamp="1518781917", oauth_version="1.0", oauth_signature_method="HMAC-SHA1", oauth_consumer_key="SQBP5hqu3KFAoA8V8kIYvz0ko", oauth_token="151356238-WXtfWUZphySy0Em9qizCozVJA9FVue66Pfe2u2Xo", oauth_signature="uwWV3mXzsli5%2BmezlU9OyDcQXAY%3D"', 'User-Agent': 'Birdy Twitter Client v0.3.2'}
17:21:57,502 requests_oauthlib.oauth1_auth DEBUG 94 Updated body: 'track=technology'
17:21:57,503 urllib3.connectionpool DEBUG 243 Resetting dropped connection: stream.twitter.com
17:22:03,633 urllib3.connectionpool DEBUG 396 https://stream.twitter.com:443 "POST /1.1/statuses/filter.json HTTP/1.1" 420 67
17:22:03,635 __main__ ERROR 51 <type 'exceptions.Exception'>
17:22:03,636 requests_oauthlib.oauth1_auth DEBUG 63 Signing request <PreparedRequest [POST]> using client <Client nonce=None, signature_method=HMAC-SHA1, realm=None, encoding=utf-8, timestamp=None, resource_owner_secret=****, decoding=utf-8, verifier=None, signature_type=AUTH_HEADER, rsa_key=None, resource_owner_key=151356238-WXtfWUZphySy0Em9qizCozVJA9FVue66Pfe2u2Xo, client_secret=****, callback_uri=None, client_key=SQBP5hqu3KFAoA8V8kIYvz0ko>
17:22:03,636 requests_oauthlib.oauth1_auth DEBUG 75 Including body in call to sign: True
17:22:03,637 oauthlib.oauth1.rfc5849 DEBUG 135 Collected params: [(u'oauth_nonce', u'159689346920964313331518781923'), (u'oauth_timestamp', u'1518781923'), (u'oauth_consumer_key', u'SQBP5hqu3KFAoA8V8kIYvz0ko'), (u'oauth_signature_method', u'HMAC-SHA1'), (u'oauth_version', u'1.0'), (u'oauth_token', u'151356238-WXtfWUZphySy0Em9qizCozVJA9FVue66Pfe2u2Xo'), (u'track', u'technology')]
17:22:03,638 oauthlib.oauth1.rfc5849 DEBUG 140 Normalized params: oauth_consumer_key=SQBP5hqu3KFAoA8V8kIYvz0ko&oauth_nonce=159689346920964313331518781923&oauth_signature_method=HMAC-SHA1&oauth_timestamp=1518781923&oauth_token=151356238-WXtfWUZphySy0Em9qizCozVJA9FVue66Pfe2u2Xo&oauth_version=1.0&track=technology
17:22:03,638 oauthlib.oauth1.rfc5849 DEBUG 141 Normalized URI: https://stream.twitter.com/1.1/statuses/filter.json
17:22:03,638 oauthlib.oauth1.rfc5849 DEBUG 146 Signing: signature base string: POST&https%3A%2F%2Fstream.twitter.com%2F1.1%2Fstatuses%2Ffilter.json&oauth_consumer_key%3DSQBP5hqu3KFAoA8V8kIYvz0ko%26oauth_nonce%3D159689346920964313331518781923%26oauth_signature_method%3DHMAC-SHA1%26oauth_timestamp%3D1518781923%26oauth_token%3D151356238-WXtfWUZphySy0Em9qizCozVJA9FVue66Pfe2u2Xo%26oauth_version%3D1.0%26track%3Dtechnology
17:22:03,638 oauthlib.oauth1.rfc5849 DEBUG 153 Signature: SYO/d0BaU/6orye3Co+yRvxdwSE=
17:22:03,639 oauthlib.oauth1.rfc5849 DEBUG 321 Encoding URI, headers and body to utf-8.
17:22:03,639 requests_oauthlib.oauth1_auth DEBUG 92 Updated url: https://stream.twitter.com/1.1/statuses/filter.json
17:22:03,639 requests_oauthlib.oauth1_auth DEBUG 93 Updated headers: {'Content-Length': '16', 'Content-Type': 'application/x-www-form-urlencoded', 'Authorization': 'OAuth oauth_nonce="159689346920964313331518781923", oauth_timestamp="1518781923", oauth_version="1.0", oauth_signature_method="HMAC-SHA1", oauth_consumer_key="SQBP5hqu3KFAoA8V8kIYvz0ko", oauth_token="151356238-WXtfWUZphySy0Em9qizCozVJA9FVue66Pfe2u2Xo", oauth_signature="SYO%2Fd0BaU%2F6orye3Co%2ByRvxdwSE%3D"', 'User-Agent': 'Birdy Twitter Client v0.3.2'}
17:22:03,640 requests_oauthlib.oauth1_auth DEBUG 94 Updated body: 'track=technology'
17:22:03,640 urllib3.connectionpool DEBUG 243 Resetting dropped connection: stream.twitter.com
17:22:09,806 urllib3.connectionpool DEBUG 396 https://stream.twitter.com:443 "POST /1.1/statuses/filter.json HTTP/1.1" 420 67
17:22:09,806 __main__ ERROR 51 <type 'exceptions.Exception'>
17:22:09,807 requests_oauthlib.oauth1_auth DEBUG 63 Signing request <PreparedRequest [POST]> using client <Client nonce=None, signature_method=HMAC-SHA1, realm=None, encoding=utf-8, timestamp=None, resource_owner_secret=****, decoding=utf-8, verifier=None, signature_type=AUTH_HEADER, rsa_key=None, resource_owner_key=151356238-WXtfWUZphySy0Em9qizCozVJA9FVue66Pfe2u2Xo, client_secret=****, callback_uri=None, client_key=SQBP5hqu3KFAoA8V8kIYvz0ko>
17:22:09,807 requests_oauthlib.oauth1_auth DEBUG 75 Including body in call to sign: True
17:22:09,808 oauthlib.oauth1.rfc5849 DEBUG 135 Collected params: [(u'oauth_nonce', u'80911677519022320371518781929'), (u'oauth_timestamp', u'1518781929'), (u'oauth_consumer_key', u'SQBP5hqu3KFAoA8V8kIYvz0ko'), (u'oauth_signature_method', u'HMAC-SHA1'), (u'oauth_version', u'1.0'), (u'oauth_token', u'151356238-WXtfWUZphySy0Em9qizCozVJA9FVue66Pfe2u2Xo'), (u'track', u'technology')]
17:22:09,808 oauthlib.oauth1.rfc5849 DEBUG 140 Normalized params: oauth_consumer_key=SQBP5hqu3KFAoA8V8kIYvz0ko&oauth_nonce=80911677519022320371518781929&oauth_signature_method=HMAC-SHA1&oauth_timestamp=1518781929&oauth_token=151356238-WXtfWUZphySy0Em9qizCozVJA9FVue66Pfe2u2Xo&oauth_version=1.0&track=technology
17:22:09,808 oauthlib.oauth1.rfc5849 DEBUG 141 Normalized URI: https://stream.twitter.com/1.1/statuses/filter.json
17:22:09,808 oauthlib.oauth1.rfc5849 DEBUG 146 Signing: signature base string: POST&https%3A%2F%2Fstream.twitter.com%2F1.1%2Fstatuses%2Ffilter.json&oauth_consumer_key%3DSQBP5hqu3KFAoA8V8kIYvz0ko%26oauth_nonce%3D80911677519022320371518781929%26oauth_signature_method%3DHMAC-SHA1%26oauth_timestamp%3D1518781929%26oauth_token%3D151356238-WXtfWUZphySy0Em9qizCozVJA9FVue66Pfe2u2Xo%26oauth_version%3D1.0%26track%3Dtechnology
17:22:09,808 oauthlib.oauth1.rfc5849 DEBUG 153 Signature: HqfOAkYlEDrxeC25UxlbI9bJCxc=
17:22:09,808 oauthlib.oauth1.rfc5849 DEBUG 321 Encoding URI, headers and body to utf-8.
17:22:09,809 requests_oauthlib.oauth1_auth DEBUG 92 Updated url: https://stream.twitter.com/1.1/statuses/filter.json
17:22:09,809 requests_oauthlib.oauth1_auth DEBUG 93 Updated headers: {'Content-Length': '16', 'Content-Type': 'application/x-www-form-urlencoded', 'Authorization': 'OAuth oauth_nonce="80911677519022320371518781929", oauth_timestamp="1518781929", oauth_version="1.0", oauth_signature_method="HMAC-SHA1", oauth_consumer_key="SQBP5hqu3KFAoA8V8kIYvz0ko", oauth_token="151356238-WXtfWUZphySy0Em9qizCozVJA9FVue66Pfe2u2Xo", oauth_signature="HqfOAkYlEDrxeC25UxlbI9bJCxc%3D"', 'User-Agent': 'Birdy Twitter Client v0.3.2'}
17:22:09,809 requests_oauthlib.oauth1_auth DEBUG 94 Updated body: 'track=technology'
17:22:09,809 urllib3.connectionpool DEBUG 243 Resetting dropped connection: stream.twitter.com
17:22:10,962 urllib3.connectionpool DEBUG 396 https://stream.twitter.com:443 "POST /1.1/statuses/filter.json HTTP/1.1" 420 36
17:22:11,6 __main__ ERROR 51 <type 'exceptions.Exception'>
17:22:11,7 requests_oauthlib.oauth1_auth DEBUG 63 Signing request <PreparedRequest [POST]> using client <Client nonce=None, signature_method=HMAC-SHA1, realm=None, encoding=utf-8, timestamp=None, resource_owner_secret=****, decoding=utf-8, verifier=None, signature_type=AUTH_HEADER, rsa_key=None, resource_owner_key=151356238-WXtfWUZphySy0Em9qizCozVJA9FVue66Pfe2u2Xo, client_secret=****, callback_uri=None, client_key=SQBP5hqu3KFAoA8V8kIYvz0ko>
17:22:11,7 requests_oauthlib.oauth1_auth DEBUG 75 Including body in call to sign: True
17:22:11,8 oauthlib.oauth1.rfc5849 DEBUG 135 Collected params: [(u'oauth_nonce', u'25063798561781422701518781931'), (u'oauth_timestamp', u'1518781931'), (u'oauth_consumer_key', u'SQBP5hqu3KFAoA8V8kIYvz0ko'), (u'oauth_signature_method', u'HMAC-SHA1'), (u'oauth_version', u'1.0'), (u'oauth_token', u'151356238-WXtfWUZphySy0Em9qizCozVJA9FVue66Pfe2u2Xo'), (u'track', u'technology')]
17:22:11,9 oauthlib.oauth1.rfc5849 DEBUG 140 Normalized params: oauth_consumer_key=SQBP5hqu3KFAoA8V8kIYvz0ko&oauth_nonce=25063798561781422701518781931&oauth_signature_method=HMAC-SHA1&oauth_timestamp=1518781931&oauth_token=151356238-WXtfWUZphySy0Em9qizCozVJA9FVue66Pfe2u2Xo&oauth_version=1.0&track=technology
17:22:11,9 oauthlib.oauth1.rfc5849 DEBUG 141 Normalized URI: https://stream.twitter.com/1.1/statuses/filter.json
17:22:11,9 oauthlib.oauth1.rfc5849 DEBUG 146 Signing: signature base string: POST&https%3A%2F%2Fstream.twitter.com%2F1.1%2Fstatuses%2Ffilter.json&oauth_consumer_key%3DSQBP5hqu3KFAoA8V8kIYvz0ko%26oauth_nonce%3D25063798561781422701518781931%26oauth_signature_method%3DHMAC-SHA1%26oauth_timestamp%3D1518781931%26oauth_token%3D151356238-WXtfWUZphySy0Em9qizCozVJA9FVue66Pfe2u2Xo%26oauth_version%3D1.0%26track%3Dtechnology
17:22:11,9 oauthlib.oauth1.rfc5849 DEBUG 153 Signature: r50BJlkdnSkUymc1gmn6jMpBSKs=
17:22:11,10 oauthlib.oauth1.rfc5849 DEBUG 321 Encoding URI, headers and body to utf-8.
17:22:11,10 requests_oauthlib.oauth1_auth DEBUG 92 Updated url: https://stream.twitter.com/1.1/statuses/filter.json
17:22:11,10 requests_oauthlib.oauth1_auth DEBUG 93 Updated headers: {'Content-Length': '16', 'Content-Type': 'application/x-www-form-urlencoded', 'Authorization': 'OAuth oauth_nonce="25063798561781422701518781931", oauth_timestamp="1518781931", oauth_version="1.0", oauth_signature_method="HMAC-SHA1", oauth_consumer_key="SQBP5hqu3KFAoA8V8kIYvz0ko", oauth_token="151356238-WXtfWUZphySy0Em9qizCozVJA9FVue66Pfe2u2Xo", oauth_signature="r50BJlkdnSkUymc1gmn6jMpBSKs%3D"', 'User-Agent': 'Birdy Twitter Client v0.3.2'}
17:22:11,10 requests_oauthlib.oauth1_auth DEBUG 94 Updated body: 'track=technology'
17:22:11,11 urllib3.connectionpool DEBUG 243 Resetting dropped connection: stream.twitter.com
17:22:13,842 urllib3.connectionpool DEBUG 396 https://stream.twitter.com:443 "POST /1.1/statuses/filter.json HTTP/1.1" 420 67
17:22:13,844 __main__ ERROR 51 <type 'exceptions.Exception'>
17:22:13,844 requests_oauthlib.oauth1_auth DEBUG 63 Signing request <PreparedRequest [POST]> using client <Client nonce=None, signature_method=HMAC-SHA1, realm=None, encoding=utf-8, timestamp=None, resource_owner_secret=****, decoding=utf-8, verifier=None, signature_type=AUTH_HEADER, rsa_key=None, resource_owner_key=151356238-WXtfWUZphySy0Em9qizCozVJA9FVue66Pfe2u2Xo, client_secret=****, callback_uri=None, client_key=SQBP5hqu3KFAoA8V8kIYvz0ko>
17:22:13,844 requests_oauthlib.oauth1_auth DEBUG 75 Including body in call to sign: True
17:22:13,845 oauthlib.oauth1.rfc5849 DEBUG 135 Collected params: [(u'oauth_nonce', u'34918100091342625351518781933'), (u'oauth_timestamp', u'1518781933'), (u'oauth_consumer_key', u'SQBP5hqu3KFAoA8V8kIYvz0ko'), (u'oauth_signature_method', u'HMAC-SHA1'), (u'oauth_version', u'1.0'), (u'oauth_token', u'151356238-WXtfWUZphySy0Em9qizCozVJA9FVue66Pfe2u2Xo'), (u'track', u'technology')]
17:22:13,845 oauthlib.oauth1.rfc5849 DEBUG 140 Normalized params: oauth_consumer_key=SQBP5hqu3KFAoA8V8kIYvz0ko&oauth_nonce=34918100091342625351518781933&oauth_signature_method=HMAC-SHA1&oauth_timestamp=1518781933&oauth_token=151356238-WXtfWUZphySy0Em9qizCozVJA9FVue66Pfe2u2Xo&oauth_version=1.0&track=technology
17:22:13,845 oauthlib.oauth1.rfc5849 DEBUG 141 Normalized URI: https://stream.twitter.com/1.1/statuses/filter.json
17:22:13,845 oauthlib.oauth1.rfc5849 DEBUG 146 Signing: signature base string: POST&https%3A%2F%2Fstream.twitter.com%2F1.1%2Fstatuses%2Ffilter.json&oauth_consumer_key%3DSQBP5hqu3KFAoA8V8kIYvz0ko%26oauth_nonce%3D34918100091342625351518781933%26oauth_signature_method%3DHMAC-SHA1%26oauth_timestamp%3D1518781933%26oauth_token%3D151356238-WXtfWUZphySy0Em9qizCozVJA9FVue66Pfe2u2Xo%26oauth_version%3D1.0%26track%3Dtechnology
17:22:13,846 oauthlib.oauth1.rfc5849 DEBUG 153 Signature: dj2YN3RFrfWAKlpdRyTElqvSIz4=
17:22:13,846 oauthlib.oauth1.rfc5849 DEBUG 321 Encoding URI, headers and body to utf-8.
17:22:13,846 requests_oauthlib.oauth1_auth DEBUG 92 Updated url: https://stream.twitter.com/1.1/statuses/filter.json
17:22:13,846 requests_oauthlib.oauth1_auth DEBUG 93 Updated headers: {'Content-Length': '16', 'Content-Type': 'application/x-www-form-urlencoded', 'Authorization': 'OAuth oauth_nonce="34918100091342625351518781933", oauth_timestamp="1518781933", oauth_version="1.0", oauth_signature_method="HMAC-SHA1", oauth_consumer_key="SQBP5hqu3KFAoA8V8kIYvz0ko", oauth_token="151356238-WXtfWUZphySy0Em9qizCozVJA9FVue66Pfe2u2Xo", oauth_signature="dj2YN3RFrfWAKlpdRyTElqvSIz4%3D"', 'User-Agent': 'Birdy Twitter Client v0.3.2'}
17:22:13,846 requests_oauthlib.oauth1_auth DEBUG 94 Updated body: 'track=technology'
17:22:13,847 urllib3.connectionpool DEBUG 243 Resetting dropped connection: stream.twitter.com
17:22:19,983 urllib3.connectionpool DEBUG 396 https://stream.twitter.com:443 "POST /1.1/statuses/filter.json HTTP/1.1" 420 67
17:22:19,985 __main__ ERROR 51 <type 'exceptions.Exception'>
17:22:19,986 requests_oauthlib.oauth1_auth DEBUG 63 Signing request <PreparedRequest [POST]> using client <Client nonce=None, signature_method=HMAC-SHA1, realm=None, encoding=utf-8, timestamp=None, resource_owner_secret=****, decoding=utf-8, verifier=None, signature_type=AUTH_HEADER, rsa_key=None, resource_owner_key=151356238-WXtfWUZphySy0Em9qizCozVJA9FVue66Pfe2u2Xo, client_secret=****, callback_uri=None, client_key=SQBP5hqu3KFAoA8V8kIYvz0ko>
17:22:19,986 requests_oauthlib.oauth1_auth DEBUG 75 Including body in call to sign: True
17:22:19,987 oauthlib.oauth1.rfc5849 DEBUG 135 Collected params: [(u'oauth_nonce', u'148087062464351392381518781939'), (u'oauth_timestamp', u'1518781939'), (u'oauth_consumer_key', u'SQBP5hqu3KFAoA8V8kIYvz0ko'), (u'oauth_signature_method', u'HMAC-SHA1'), (u'oauth_version', u'1.0'), (u'oauth_token', u'151356238-WXtfWUZphySy0Em9qizCozVJA9FVue66Pfe2u2Xo'), (u'track', u'technology')]
17:22:19,988 oauthlib.oauth1.rfc5849 DEBUG 140 Normalized params: oauth_consumer_key=SQBP5hqu3KFAoA8V8kIYvz0ko&oauth_nonce=148087062464351392381518781939&oauth_signature_method=HMAC-SHA1&oauth_timestamp=1518781939&oauth_token=151356238-WXtfWUZphySy0Em9qizCozVJA9FVue66Pfe2u2Xo&oauth_version=1.0&track=technology
17:22:19,988 oauthlib.oauth1.rfc5849 DEBUG 141 Normalized URI: https://stream.twitter.com/1.1/statuses/filter.json
17:22:19,988 oauthlib.oauth1.rfc5849 DEBUG 146 Signing: signature base string: POST&https%3A%2F%2Fstream.twitter.com%2F1.1%2Fstatuses%2Ffilter.json&oauth_consumer_key%3DSQBP5hqu3KFAoA8V8kIYvz0ko%26oauth_nonce%3D148087062464351392381518781939%26oauth_signature_method%3DHMAC-SHA1%26oauth_timestamp%3D1518781939%26oauth_token%3D151356238-WXtfWUZphySy0Em9qizCozVJA9FVue66Pfe2u2Xo%26oauth_version%3D1.0%26track%3Dtechnology
17:22:19,988 oauthlib.oauth1.rfc5849 DEBUG 153 Signature: pFcV4Exzu7aM/enMtNuhzzv30XA=
17:22:19,989 oauthlib.oauth1.rfc5849 DEBUG 321 Encoding URI, headers and body to utf-8.
17:22:19,989 requests_oauthlib.oauth1_auth DEBUG 92 Updated url: https://stream.twitter.com/1.1/statuses/filter.json
17:22:19,989 requests_oauthlib.oauth1_auth DEBUG 93 Updated headers: {'Content-Length': '16', 'Content-Type': 'application/x-www-form-urlencoded', 'Authorization': 'OAuth oauth_nonce="148087062464351392381518781939", oauth_timestamp="1518781939", oauth_version="1.0", oauth_signature_method="HMAC-SHA1", oauth_consumer_key="SQBP5hqu3KFAoA8V8kIYvz0ko", oauth_token="151356238-WXtfWUZphySy0Em9qizCozVJA9FVue66Pfe2u2Xo", oauth_signature="pFcV4Exzu7aM%2FenMtNuhzzv30XA%3D"', 'User-Agent': 'Birdy Twitter Client v0.3.2'}
17:22:19,989 requests_oauthlib.oauth1_auth DEBUG 94 Updated body: 'track=technology'
17:22:19,990 urllib3.connectionpool DEBUG 243 Resetting dropped connection: stream.twitter.com
17:22:26,130 urllib3.connectionpool DEBUG 396 https://stream.twitter.com:443 "POST /1.1/statuses/filter.json HTTP/1.1" 420 67
17:22:26,132 __main__ ERROR 51 <type 'exceptions.Exception'>
17:22:26,133 requests_oauthlib.oauth1_auth DEBUG 63 Signing request <PreparedRequest [POST]> using client <Client nonce=None, signature_method=HMAC-SHA1, realm=None, encoding=utf-8, timestamp=None, resource_owner_secret=****, decoding=utf-8, verifier=None, signature_type=AUTH_HEADER, rsa_key=None, resource_owner_key=151356238-WXtfWUZphySy0Em9qizCozVJA9FVue66Pfe2u2Xo, client_secret=****, callback_uri=None, client_key=SQBP5hqu3KFAoA8V8kIYvz0ko>
17:22:26,134 requests_oauthlib.oauth1_auth DEBUG 75 Including body in call to sign: True
17:22:26,135 oauthlib.oauth1.rfc5849 DEBUG 135 Collected params: [(u'oauth_nonce', u'54906369012040802431518781946'), (u'oauth_timestamp', u'1518781946'), (u'oauth_consumer_key', u'SQBP5hqu3KFAoA8V8kIYvz0ko'), (u'oauth_signature_method', u'HMAC-SHA1'), (u'oauth_version', u'1.0'), (u'oauth_token', u'151356238-WXtfWUZphySy0Em9qizCozVJA9FVue66Pfe2u2Xo'), (u'track', u'technology')]
17:22:26,135 oauthlib.oauth1.rfc5849 DEBUG 140 Normalized params: oauth_consumer_key=SQBP5hqu3KFAoA8V8kIYvz0ko&oauth_nonce=54906369012040802431518781946&oauth_signature_method=HMAC-SHA1&oauth_timestamp=1518781946&oauth_token=151356238-WXtfWUZphySy0Em9qizCozVJA9FVue66Pfe2u2Xo&oauth_version=1.0&track=technology
17:22:26,135 oauthlib.oauth1.rfc5849 DEBUG 141 Normalized URI: https://stream.twitter.com/1.1/statuses/filter.json
17:22:26,135 oauthlib.oauth1.rfc5849 DEBUG 146 Signing: signature base string: POST&https%3A%2F%2Fstream.twitter.com%2F1.1%2Fstatuses%2Ffilter.json&oauth_consumer_key%3DSQBP5hqu3KFAoA8V8kIYvz0ko%26oauth_nonce%3D54906369012040802431518781946%26oauth_signature_method%3DHMAC-SHA1%26oauth_timestamp%3D1518781946%26oauth_token%3D151356238-WXtfWUZphySy0Em9qizCozVJA9FVue66Pfe2u2Xo%26oauth_version%3D1.0%26track%3Dtechnology
17:22:26,136 oauthlib.oauth1.rfc5849 DEBUG 153 Signature: xZ7sa3v97cy6WbSglS84gJEaQuA=
17:22:26,136 oauthlib.oauth1.rfc5849 DEBUG 321 Encoding URI, headers and body to utf-8.
17:22:26,136 requests_oauthlib.oauth1_auth DEBUG 92 Updated url: https://stream.twitter.com/1.1/statuses/filter.json
17:22:26,137 requests_oauthlib.oauth1_auth DEBUG 93 Updated headers: {'Content-Length': '16', 'Content-Type': 'application/x-www-form-urlencoded', 'Authorization': 'OAuth oauth_nonce="54906369012040802431518781946", oauth_timestamp="1518781946", oauth_version="1.0", oauth_signature_method="HMAC-SHA1", oauth_consumer_key="SQBP5hqu3KFAoA8V8kIYvz0ko", oauth_token="151356238-WXtfWUZphySy0Em9qizCozVJA9FVue66Pfe2u2Xo", oauth_signature="xZ7sa3v97cy6WbSglS84gJEaQuA%3D"', 'User-Agent': 'Birdy Twitter Client v0.3.2'}
17:22:26,137 requests_oauthlib.oauth1_auth DEBUG 94 Updated body: 'track=technology'
17:22:26,138 urllib3.connectionpool DEBUG 243 Resetting dropped connection: stream.twitter.com
17:22:32,246 urllib3.connectionpool DEBUG 396 https://stream.twitter.com:443 "POST /1.1/statuses/filter.json HTTP/1.1" 420 67
17:22:32,247 __main__ ERROR 51 <type 'exceptions.Exception'>
17:22:32,248 requests_oauthlib.oauth1_auth DEBUG 63 Signing request <PreparedRequest [POST]> using client <Client nonce=None, signature_method=HMAC-SHA1, realm=None, encoding=utf-8, timestamp=None, resource_owner_secret=****, decoding=utf-8, verifier=None, signature_type=AUTH_HEADER, rsa_key=None, resource_owner_key=151356238-WXtfWUZphySy0Em9qizCozVJA9FVue66Pfe2u2Xo, client_secret=****, callback_uri=None, client_key=SQBP5hqu3KFAoA8V8kIYvz0ko>
17:22:32,248 requests_oauthlib.oauth1_auth DEBUG 75 Including body in call to sign: True
17:22:32,249 oauthlib.oauth1.rfc5849 DEBUG 135 Collected params: [(u'oauth_nonce', u'146467760797698179771518781952'), (u'oauth_timestamp', u'1518781952'), (u'oauth_consumer_key', u'SQBP5hqu3KFAoA8V8kIYvz0ko'), (u'oauth_signature_method', u'HMAC-SHA1'), (u'oauth_version', u'1.0'), (u'oauth_token', u'151356238-WXtfWUZphySy0Em9qizCozVJA9FVue66Pfe2u2Xo'), (u'track', u'technology')]
17:22:32,250 oauthlib.oauth1.rfc5849 DEBUG 140 Normalized params: oauth_consumer_key=SQBP5hqu3KFAoA8V8kIYvz0ko&oauth_nonce=146467760797698179771518781952&oauth_signature_method=HMAC-SHA1&oauth_timestamp=1518781952&oauth_token=151356238-WXtfWUZphySy0Em9qizCozVJA9FVue66Pfe2u2Xo&oauth_version=1.0&track=technology
17:22:32,250 oauthlib.oauth1.rfc5849 DEBUG 141 Normalized URI: https://stream.twitter.com/1.1/statuses/filter.json
17:22:32,250 oauthlib.oauth1.rfc5849 DEBUG 146 Signing: signature base string: POST&https%3A%2F%2Fstream.twitter.com%2F1.1%2Fstatuses%2Ffilter.json&oauth_consumer_key%3DSQBP5hqu3KFAoA8V8kIYvz0ko%26oauth_nonce%3D146467760797698179771518781952%26oauth_signature_method%3DHMAC-SHA1%26oauth_timestamp%3D1518781952%26oauth_token%3D151356238-WXtfWUZphySy0Em9qizCozVJA9FVue66Pfe2u2Xo%26oauth_version%3D1.0%26track%3Dtechnology
17:22:32,251 oauthlib.oauth1.rfc5849 DEBUG 153 Signature: EIjKxzArmgfbf9bMqgljj0zUVEs=
17:22:32,251 oauthlib.oauth1.rfc5849 DEBUG 321 Encoding URI, headers and body to utf-8.
17:22:32,251 requests_oauthlib.oauth1_auth DEBUG 92 Updated url: https://stream.twitter.com/1.1/statuses/filter.json
17:22:32,251 requests_oauthlib.oauth1_auth DEBUG 93 Updated headers: {'Content-Length': '16', 'Content-Type': 'application/x-www-form-urlencoded', 'Authorization': 'OAuth oauth_nonce="146467760797698179771518781952", oauth_timestamp="1518781952", oauth_version="1.0", oauth_signature_method="HMAC-SHA1", oauth_consumer_key="SQBP5hqu3KFAoA8V8kIYvz0ko", oauth_token="151356238-WXtfWUZphySy0Em9qizCozVJA9FVue66Pfe2u2Xo", oauth_signature="EIjKxzArmgfbf9bMqgljj0zUVEs%3D"', 'User-Agent': 'Birdy Twitter Client v0.3.2'}
17:22:32,252 requests_oauthlib.oauth1_auth DEBUG 94 Updated body: 'track=technology'
17:22:32,253 urllib3.connectionpool DEBUG 243 Resetting dropped connection: stream.twitter.com
17:22:38,393 urllib3.connectionpool DEBUG 396 https://stream.twitter.com:443 "POST /1.1/statuses/filter.json HTTP/1.1" 420 67
17:22:38,395 __main__ ERROR 51 <type 'exceptions.Exception'>
17:22:38,396 requests_oauthlib.oauth1_auth DEBUG 63 Signing request <PreparedRequest [POST]> using client <Client nonce=None, signature_method=HMAC-SHA1, realm=None, encoding=utf-8, timestamp=None, resource_owner_secret=****, decoding=utf-8, verifier=None, signature_type=AUTH_HEADER, rsa_key=None, resource_owner_key=151356238-WXtfWUZphySy0Em9qizCozVJA9FVue66Pfe2u2Xo, client_secret=****, callback_uri=None, client_key=SQBP5hqu3KFAoA8V8kIYvz0ko>
17:22:38,396 requests_oauthlib.oauth1_auth DEBUG 75 Including body in call to sign: True
17:22:38,397 oauthlib.oauth1.rfc5849 DEBUG 135 Collected params: [(u'oauth_nonce', u'171163071929190901311518781958'), (u'oauth_timestamp', u'1518781958'), (u'oauth_consumer_key', u'SQBP5hqu3KFAoA8V8kIYvz0ko'), (u'oauth_signature_method', u'HMAC-SHA1'), (u'oauth_version', u'1.0'), (u'oauth_token', u'151356238-WXtfWUZphySy0Em9qizCozVJA9FVue66Pfe2u2Xo'), (u'track', u'technology')]
17:22:38,397 oauthlib.oauth1.rfc5849 DEBUG 140 Normalized params: oauth_consumer_key=SQBP5hqu3KFAoA8V8kIYvz0ko&oauth_nonce=171163071929190901311518781958&oauth_signature_method=HMAC-SHA1&oauth_timestamp=1518781958&oauth_token=151356238-WXtfWUZphySy0Em9qizCozVJA9FVue66Pfe2u2Xo&oauth_version=1.0&track=technology
17:22:38,397 oauthlib.oauth1.rfc5849 DEBUG 141 Normalized URI: https://stream.twitter.com/1.1/statuses/filter.json
17:22:38,398 oauthlib.oauth1.rfc5849 DEBUG 146 Signing: signature base string: POST&https%3A%2F%2Fstream.twitter.com%2F1.1%2Fstatuses%2Ffilter.json&oauth_consumer_key%3DSQBP5hqu3KFAoA8V8kIYvz0ko%26oauth_nonce%3D171163071929190901311518781958%26oauth_signature_method%3DHMAC-SHA1%26oauth_timestamp%3D1518781958%26oauth_token%3D151356238-WXtfWUZphySy0Em9qizCozVJA9FVue66Pfe2u2Xo%26oauth_version%3D1.0%26track%3Dtechnology
17:22:38,398 oauthlib.oauth1.rfc5849 DEBUG 153 Signature: czeYmbQNmGJcznUZ1RUOHm3AnBw=
17:22:38,398 oauthlib.oauth1.rfc5849 DEBUG 321 Encoding URI, headers and body to utf-8.
17:22:38,399 requests_oauthlib.oauth1_auth DEBUG 92 Updated url: https://stream.twitter.com/1.1/statuses/filter.json
17:22:38,399 requests_oauthlib.oauth1_auth DEBUG 93 Updated headers: {'Content-Length': '16', 'Content-Type': 'application/x-www-form-urlencoded', 'Authorization': 'OAuth oauth_nonce="171163071929190901311518781958", oauth_timestamp="1518781958", oauth_version="1.0", oauth_signature_method="HMAC-SHA1", oauth_consumer_key="SQBP5hqu3KFAoA8V8kIYvz0ko", oauth_token="151356238-WXtfWUZphySy0Em9qizCozVJA9FVue66Pfe2u2Xo", oauth_signature="czeYmbQNmGJcznUZ1RUOHm3AnBw%3D"', 'User-Agent': 'Birdy Twitter Client v0.3.2'}
17:22:38,399 requests_oauthlib.oauth1_auth DEBUG 94 Updated body: 'track=technology'
17:22:38,400 urllib3.connectionpool DEBUG 243 Resetting dropped connection: stream.twitter.com
17:22:44,514 urllib3.connectionpool DEBUG 396 https://stream.twitter.com:443 "POST /1.1/statuses/filter.json HTTP/1.1" 420 67
17:22:44,515 __main__ ERROR 51 <type 'exceptions.Exception'>
17:22:44,516 requests_oauthlib.oauth1_auth DEBUG 63 Signing request <PreparedRequest [POST]> using client <Client nonce=None, signature_method=HMAC-SHA1, realm=None, encoding=utf-8, timestamp=None, resource_owner_secret=****, decoding=utf-8, verifier=None, signature_type=AUTH_HEADER, rsa_key=None, resource_owner_key=151356238-WXtfWUZphySy0Em9qizCozVJA9FVue66Pfe2u2Xo, client_secret=****, callback_uri=None, client_key=SQBP5hqu3KFAoA8V8kIYvz0ko>
17:22:44,517 requests_oauthlib.oauth1_auth DEBUG 75 Including body in call to sign: True
17:22:44,518 oauthlib.oauth1.rfc5849 DEBUG 135 Collected params: [(u'oauth_nonce', u'32009267708143938451518781964'), (u'oauth_timestamp', u'1518781964'), (u'oauth_consumer_key', u'SQBP5hqu3KFAoA8V8kIYvz0ko'), (u'oauth_signature_method', u'HMAC-SHA1'), (u'oauth_version', u'1.0'), (u'oauth_token', u'151356238-WXtfWUZphySy0Em9qizCozVJA9FVue66Pfe2u2Xo'), (u'track', u'technology')]
17:22:44,519 oauthlib.oauth1.rfc5849 DEBUG 140 Normalized params: oauth_consumer_key=SQBP5hqu3KFAoA8V8kIYvz0ko&oauth_nonce=32009267708143938451518781964&oauth_signature_method=HMAC-SHA1&oauth_timestamp=1518781964&oauth_token=151356238-WXtfWUZphySy0Em9qizCozVJA9FVue66Pfe2u2Xo&oauth_version=1.0&track=technology
17:22:44,519 oauthlib.oauth1.rfc5849 DEBUG 141 Normalized URI: https://stream.twitter.com/1.1/statuses/filter.json
17:22:44,519 oauthlib.oauth1.rfc5849 DEBUG 146 Signing: signature base string: POST&https%3A%2F%2Fstream.twitter.com%2F1.1%2Fstatuses%2Ffilter.json&oauth_consumer_key%3DSQBP5hqu3KFAoA8V8kIYvz0ko%26oauth_nonce%3D32009267708143938451518781964%26oauth_signature_method%3DHMAC-SHA1%26oauth_timestamp%3D1518781964%26oauth_token%3D151356238-WXtfWUZphySy0Em9qizCozVJA9FVue66Pfe2u2Xo%26oauth_version%3D1.0%26track%3Dtechnology
17:22:44,520 oauthlib.oauth1.rfc5849 DEBUG 153 Signature: XWcrQ52ZXYDJAKkyolWLYRWvFCA=
17:22:44,520 oauthlib.oauth1.rfc5849 DEBUG 321 Encoding URI, headers and body to utf-8.
17:22:44,520 requests_oauthlib.oauth1_auth DEBUG 92 Updated url: https://stream.twitter.com/1.1/statuses/filter.json
17:22:44,521 requests_oauthlib.oauth1_auth DEBUG 93 Updated headers: {'Content-Length': '16', 'Content-Type': 'application/x-www-form-urlencoded', 'Authorization': 'OAuth oauth_nonce="32009267708143938451518781964", oauth_timestamp="1518781964", oauth_version="1.0", oauth_signature_method="HMAC-SHA1", oauth_consumer_key="SQBP5hqu3KFAoA8V8kIYvz0ko", oauth_token="151356238-WXtfWUZphySy0Em9qizCozVJA9FVue66Pfe2u2Xo", oauth_signature="XWcrQ52ZXYDJAKkyolWLYRWvFCA%3D"', 'User-Agent': 'Birdy Twitter Client v0.3.2'}
17:22:44,521 requests_oauthlib.oauth1_auth DEBUG 94 Updated body: 'track=technology'
17:22:44,522 urllib3.connectionpool DEBUG 243 Resetting dropped connection: stream.twitter.com
17:22:50,648 urllib3.connectionpool DEBUG 396 https://stream.twitter.com:443 "POST /1.1/statuses/filter.json HTTP/1.1" 420 67
17:22:50,650 __main__ ERROR 51 <type 'exceptions.Exception'>
17:22:50,651 requests_oauthlib.oauth1_auth DEBUG 63 Signing request <PreparedRequest [POST]> using client <Client nonce=None, signature_method=HMAC-SHA1, realm=None, encoding=utf-8, timestamp=None, resource_owner_secret=****, decoding=utf-8, verifier=None, signature_type=AUTH_HEADER, rsa_key=None, resource_owner_key=151356238-WXtfWUZphySy0Em9qizCozVJA9FVue66Pfe2u2Xo, client_secret=****, callback_uri=None, client_key=SQBP5hqu3KFAoA8V8kIYvz0ko>
17:22:50,651 requests_oauthlib.oauth1_auth DEBUG 75 Including body in call to sign: True
17:22:50,652 oauthlib.oauth1.rfc5849 DEBUG 135 Collected params: [(u'oauth_nonce', u'53589105391241077051518781970'), (u'oauth_timestamp', u'1518781970'), (u'oauth_consumer_key', u'SQBP5hqu3KFAoA8V8kIYvz0ko'), (u'oauth_signature_method', u'HMAC-SHA1'), (u'oauth_version', u'1.0'), (u'oauth_token', u'151356238-WXtfWUZphySy0Em9qizCozVJA9FVue66Pfe2u2Xo'), (u'track', u'technology')]
17:22:50,653 oauthlib.oauth1.rfc5849 DEBUG 140 Normalized params: oauth_consumer_key=SQBP5hqu3KFAoA8V8kIYvz0ko&oauth_nonce=53589105391241077051518781970&oauth_signature_method=HMAC-SHA1&oauth_timestamp=1518781970&oauth_token=151356238-WXtfWUZphySy0Em9qizCozVJA9FVue66Pfe2u2Xo&oauth_version=1.0&track=technology
17:22:50,653 oauthlib.oauth1.rfc5849 DEBUG 141 Normalized URI: https://stream.twitter.com/1.1/statuses/filter.json
17:22:50,653 oauthlib.oauth1.rfc5849 DEBUG 146 Signing: signature base string: POST&https%3A%2F%2Fstream.twitter.com%2F1.1%2Fstatuses%2Ffilter.json&oauth_consumer_key%3DSQBP5hqu3KFAoA8V8kIYvz0ko%26oauth_nonce%3D53589105391241077051518781970%26oauth_signature_method%3DHMAC-SHA1%26oauth_timestamp%3D1518781970%26oauth_token%3D151356238-WXtfWUZphySy0Em9qizCozVJA9FVue66Pfe2u2Xo%26oauth_version%3D1.0%26track%3Dtechnology
17:22:50,653 oauthlib.oauth1.rfc5849 DEBUG 153 Signature: 7Qf6nPG1qM0LMtXxXhyLkGawkng=
17:22:50,654 oauthlib.oauth1.rfc5849 DEBUG 321 Encoding URI, headers and body to utf-8.
17:22:50,654 requests_oauthlib.oauth1_auth DEBUG 92 Updated url: https://stream.twitter.com/1.1/statuses/filter.json
17:22:50,654 requests_oauthlib.oauth1_auth DEBUG 93 Updated headers: {'Content-Length': '16', 'Content-Type': 'application/x-www-form-urlencoded', 'Authorization': 'OAuth oauth_nonce="53589105391241077051518781970", oauth_timestamp="1518781970", oauth_version="1.0", oauth_signature_method="HMAC-SHA1", oauth_consumer_key="SQBP5hqu3KFAoA8V8kIYvz0ko", oauth_token="151356238-WXtfWUZphySy0Em9qizCozVJA9FVue66Pfe2u2Xo", oauth_signature="7Qf6nPG1qM0LMtXxXhyLkGawkng%3D"', 'User-Agent': 'Birdy Twitter Client v0.3.2'}
17:22:50,654 requests_oauthlib.oauth1_auth DEBUG 94 Updated body: 'track=technology'
17:22:50,655 urllib3.connectionpool DEBUG 243 Resetting dropped connection: stream.twitter.com
17:22:56,831 urllib3.connectionpool DEBUG 396 https://stream.twitter.com:443 "POST /1.1/statuses/filter.json HTTP/1.1" 420 67
17:22:56,833 __main__ ERROR 51 <type 'exceptions.Exception'>
17:22:56,834 requests_oauthlib.oauth1_auth DEBUG 63 Signing request <PreparedRequest [POST]> using client <Client nonce=None, signature_method=HMAC-SHA1, realm=None, encoding=utf-8, timestamp=None, resource_owner_secret=****, decoding=utf-8, verifier=None, signature_type=AUTH_HEADER, rsa_key=None, resource_owner_key=151356238-WXtfWUZphySy0Em9qizCozVJA9FVue66Pfe2u2Xo, client_secret=****, callback_uri=None, client_key=SQBP5hqu3KFAoA8V8kIYvz0ko>
17:22:56,834 requests_oauthlib.oauth1_auth DEBUG 75 Including body in call to sign: True
17:22:56,835 oauthlib.oauth1.rfc5849 DEBUG 135 Collected params: [(u'oauth_nonce', u'94781779494565255721518781976'), (u'oauth_timestamp', u'1518781976'), (u'oauth_consumer_key', u'SQBP5hqu3KFAoA8V8kIYvz0ko'), (u'oauth_signature_method', u'HMAC-SHA1'), (u'oauth_version', u'1.0'), (u'oauth_token', u'151356238-WXtfWUZphySy0Em9qizCozVJA9FVue66Pfe2u2Xo'), (u'track', u'technology')]
17:22:56,836 oauthlib.oauth1.rfc5849 DEBUG 140 Normalized params: oauth_consumer_key=SQBP5hqu3KFAoA8V8kIYvz0ko&oauth_nonce=94781779494565255721518781976&oauth_signature_method=HMAC-SHA1&oauth_timestamp=1518781976&oauth_token=151356238-WXtfWUZphySy0Em9qizCozVJA9FVue66Pfe2u2Xo&oauth_version=1.0&track=technology
17:22:56,836 oauthlib.oauth1.rfc5849 DEBUG 141 Normalized URI: https://stream.twitter.com/1.1/statuses/filter.json
17:22:56,836 oauthlib.oauth1.rfc5849 DEBUG 146 Signing: signature base string: POST&https%3A%2F%2Fstream.twitter.com%2F1.1%2Fstatuses%2Ffilter.json&oauth_consumer_key%3DSQBP5hqu3KFAoA8V8kIYvz0ko%26oauth_nonce%3D94781779494565255721518781976%26oauth_signature_method%3DHMAC-SHA1%26oauth_timestamp%3D1518781976%26oauth_token%3D151356238-WXtfWUZphySy0Em9qizCozVJA9FVue66Pfe2u2Xo%26oauth_version%3D1.0%26track%3Dtechnology
17:22:56,837 oauthlib.oauth1.rfc5849 DEBUG 153 Signature: Vk5Frpqt9zoWB04OZfcHQgzly5Y=
17:22:56,837 oauthlib.oauth1.rfc5849 DEBUG 321 Encoding URI, headers and body to utf-8.
17:22:56,837 requests_oauthlib.oauth1_auth DEBUG 92 Updated url: https://stream.twitter.com/1.1/statuses/filter.json
17:22:56,837 requests_oauthlib.oauth1_auth DEBUG 93 Updated headers: {'Content-Length': '16', 'Content-Type': 'application/x-www-form-urlencoded', 'Authorization': 'OAuth oauth_nonce="94781779494565255721518781976", oauth_timestamp="1518781976", oauth_version="1.0", oauth_signature_method="HMAC-SHA1", oauth_consumer_key="SQBP5hqu3KFAoA8V8kIYvz0ko", oauth_token="151356238-WXtfWUZphySy0Em9qizCozVJA9FVue66Pfe2u2Xo", oauth_signature="Vk5Frpqt9zoWB04OZfcHQgzly5Y%3D"', 'User-Agent': 'Birdy Twitter Client v0.3.2'}
17:22:56,838 requests_oauthlib.oauth1_auth DEBUG 94 Updated body: 'track=technology'
17:22:56,839 urllib3.connectionpool DEBUG 243 Resetting dropped connection: stream.twitter.com
17:23:02,972 urllib3.connectionpool DEBUG 396 https://stream.twitter.com:443 "POST /1.1/statuses/filter.json HTTP/1.1" 420 67
17:23:02,974 __main__ ERROR 51 <type 'exceptions.Exception'>
17:23:02,975 requests_oauthlib.oauth1_auth DEBUG 63 Signing request <PreparedRequest [POST]> using client <Client nonce=None, signature_method=HMAC-SHA1, realm=None, encoding=utf-8, timestamp=None, resource_owner_secret=****, decoding=utf-8, verifier=None, signature_type=AUTH_HEADER, rsa_key=None, resource_owner_key=151356238-WXtfWUZphySy0Em9qizCozVJA9FVue66Pfe2u2Xo, client_secret=****, callback_uri=None, client_key=SQBP5hqu3KFAoA8V8kIYvz0ko>
17:23:02,975 requests_oauthlib.oauth1_auth DEBUG 75 Including body in call to sign: True
17:23:02,976 oauthlib.oauth1.rfc5849 DEBUG 135 Collected params: [(u'oauth_nonce', u'36834466727182086051518781982'), (u'oauth_timestamp', u'1518781982'), (u'oauth_consumer_key', u'SQBP5hqu3KFAoA8V8kIYvz0ko'), (u'oauth_signature_method', u'HMAC-SHA1'), (u'oauth_version', u'1.0'), (u'oauth_token', u'151356238-WXtfWUZphySy0Em9qizCozVJA9FVue66Pfe2u2Xo'), (u'track', u'technology')]
17:23:02,977 oauthlib.oauth1.rfc5849 DEBUG 140 Normalized params: oauth_consumer_key=SQBP5hqu3KFAoA8V8kIYvz0ko&oauth_nonce=36834466727182086051518781982&oauth_signature_method=HMAC-SHA1&oauth_timestamp=1518781982&oauth_token=151356238-WXtfWUZphySy0Em9qizCozVJA9FVue66Pfe2u2Xo&oauth_version=1.0&track=technology
17:23:02,977 oauthlib.oauth1.rfc5849 DEBUG 141 Normalized URI: https://stream.twitter.com/1.1/statuses/filter.json
17:23:02,977 oauthlib.oauth1.rfc5849 DEBUG 146 Signing: signature base string: POST&https%3A%2F%2Fstream.twitter.com%2F1.1%2Fstatuses%2Ffilter.json&oauth_consumer_key%3DSQBP5hqu3KFAoA8V8kIYvz0ko%26oauth_nonce%3D36834466727182086051518781982%26oauth_signature_method%3DHMAC-SHA1%26oauth_timestamp%3D1518781982%26oauth_token%3D151356238-WXtfWUZphySy0Em9qizCozVJA9FVue66Pfe2u2Xo%26oauth_version%3D1.0%26track%3Dtechnology
17:23:02,977 oauthlib.oauth1.rfc5849 DEBUG 153 Signature: h438upkWVb6MDDX2DybpRZ01SuE=
17:23:02,978 oauthlib.oauth1.rfc5849 DEBUG 321 Encoding URI, headers and body to utf-8.
17:23:02,978 requests_oauthlib.oauth1_auth DEBUG 92 Updated url: https://stream.twitter.com/1.1/statuses/filter.json
17:23:02,978 requests_oauthlib.oauth1_auth DEBUG 93 Updated headers: {'Content-Length': '16', 'Content-Type': 'application/x-www-form-urlencoded', 'Authorization': 'OAuth oauth_nonce="36834466727182086051518781982", oauth_timestamp="1518781982", oauth_version="1.0", oauth_signature_method="HMAC-SHA1", oauth_consumer_key="SQBP5hqu3KFAoA8V8kIYvz0ko", oauth_token="151356238-WXtfWUZphySy0Em9qizCozVJA9FVue66Pfe2u2Xo", oauth_signature="h438upkWVb6MDDX2DybpRZ01SuE%3D"', 'User-Agent': 'Birdy Twitter Client v0.3.2'}
17:23:02,978 requests_oauthlib.oauth1_auth DEBUG 94 Updated body: 'track=technology'
17:23:02,979 urllib3.connectionpool DEBUG 243 Resetting dropped connection: stream.twitter.com
17:23:09,72 urllib3.connectionpool DEBUG 396 https://stream.twitter.com:443 "POST /1.1/statuses/filter.json HTTP/1.1" 420 67
17:23:09,74 __main__ ERROR 51 <type 'exceptions.Exception'>
17:23:09,75 requests_oauthlib.oauth1_auth DEBUG 63 Signing request <PreparedRequest [POST]> using client <Client nonce=None, signature_method=HMAC-SHA1, realm=None, encoding=utf-8, timestamp=None, resource_owner_secret=****, decoding=utf-8, verifier=None, signature_type=AUTH_HEADER, rsa_key=None, resource_owner_key=151356238-WXtfWUZphySy0Em9qizCozVJA9FVue66Pfe2u2Xo, client_secret=****, callback_uri=None, client_key=SQBP5hqu3KFAoA8V8kIYvz0ko>
17:23:09,76 requests_oauthlib.oauth1_auth DEBUG 75 Including body in call to sign: True
17:23:09,77 oauthlib.oauth1.rfc5849 DEBUG 135 Collected params: [(u'oauth_nonce', u'26920540091638170041518781989'), (u'oauth_timestamp', u'1518781989'), (u'oauth_consumer_key', u'SQBP5hqu3KFAoA8V8kIYvz0ko'), (u'oauth_signature_method', u'HMAC-SHA1'), (u'oauth_version', u'1.0'), (u'oauth_token', u'151356238-WXtfWUZphySy0Em9qizCozVJA9FVue66Pfe2u2Xo'), (u'track', u'technology')]
17:23:09,77 oauthlib.oauth1.rfc5849 DEBUG 140 Normalized params: oauth_consumer_key=SQBP5hqu3KFAoA8V8kIYvz0ko&oauth_nonce=26920540091638170041518781989&oauth_signature_method=HMAC-SHA1&oauth_timestamp=1518781989&oauth_token=151356238-WXtfWUZphySy0Em9qizCozVJA9FVue66Pfe2u2Xo&oauth_version=1.0&track=technology
17:23:09,77 oauthlib.oauth1.rfc5849 DEBUG 141 Normalized URI: https://stream.twitter.com/1.1/statuses/filter.json
17:23:09,78 oauthlib.oauth1.rfc5849 DEBUG 146 Signing: signature base string: POST&https%3A%2F%2Fstream.twitter.com%2F1.1%2Fstatuses%2Ffilter.json&oauth_consumer_key%3DSQBP5hqu3KFAoA8V8kIYvz0ko%26oauth_nonce%3D26920540091638170041518781989%26oauth_signature_method%3DHMAC-SHA1%26oauth_timestamp%3D1518781989%26oauth_token%3D151356238-WXtfWUZphySy0Em9qizCozVJA9FVue66Pfe2u2Xo%26oauth_version%3D1.0%26track%3Dtechnology
17:23:09,78 oauthlib.oauth1.rfc5849 DEBUG 153 Signature: aU7ducO6AFkplC3F18TiyRpU0TA=
17:23:09,79 oauthlib.oauth1.rfc5849 DEBUG 321 Encoding URI, headers and body to utf-8.
17:23:09,79 requests_oauthlib.oauth1_auth DEBUG 92 Updated url: https://stream.twitter.com/1.1/statuses/filter.json
17:23:09,79 requests_oauthlib.oauth1_auth DEBUG 93 Updated headers: {'Content-Length': '16', 'Content-Type': 'application/x-www-form-urlencoded', 'Authorization': 'OAuth oauth_nonce="26920540091638170041518781989", oauth_timestamp="1518781989", oauth_version="1.0", oauth_signature_method="HMAC-SHA1", oauth_consumer_key="SQBP5hqu3KFAoA8V8kIYvz0ko", oauth_token="151356238-WXtfWUZphySy0Em9qizCozVJA9FVue66Pfe2u2Xo", oauth_signature="aU7ducO6AFkplC3F18TiyRpU0TA%3D"', 'User-Agent': 'Birdy Twitter Client v0.3.2'}
17:23:09,79 requests_oauthlib.oauth1_auth DEBUG 94 Updated body: 'track=technology'
17:23:09,81 urllib3.connectionpool DEBUG 243 Resetting dropped connection: stream.twitter.com
17:23:15,212 urllib3.connectionpool DEBUG 396 https://stream.twitter.com:443 "POST /1.1/statuses/filter.json HTTP/1.1" 420 67
17:23:15,213 __main__ ERROR 51 <type 'exceptions.Exception'>
17:23:15,214 requests_oauthlib.oauth1_auth DEBUG 63 Signing request <PreparedRequest [POST]> using client <Client nonce=None, signature_method=HMAC-SHA1, realm=None, encoding=utf-8, timestamp=None, resource_owner_secret=****, decoding=utf-8, verifier=None, signature_type=AUTH_HEADER, rsa_key=None, resource_owner_key=151356238-WXtfWUZphySy0Em9qizCozVJA9FVue66Pfe2u2Xo, client_secret=****, callback_uri=None, client_key=SQBP5hqu3KFAoA8V8kIYvz0ko>
17:23:15,214 requests_oauthlib.oauth1_auth DEBUG 75 Including body in call to sign: True
17:23:15,216 oauthlib.oauth1.rfc5849 DEBUG 135 Collected params: [(u'oauth_nonce', u'72055196712507878071518781995'), (u'oauth_timestamp', u'1518781995'), (u'oauth_consumer_key', u'SQBP5hqu3KFAoA8V8kIYvz0ko'), (u'oauth_signature_method', u'HMAC-SHA1'), (u'oauth_version', u'1.0'), (u'oauth_token', u'151356238-WXtfWUZphySy0Em9qizCozVJA9FVue66Pfe2u2Xo'), (u'track', u'technology')]
17:23:15,216 oauthlib.oauth1.rfc5849 DEBUG 140 Normalized params: oauth_consumer_key=SQBP5hqu3KFAoA8V8kIYvz0ko&oauth_nonce=72055196712507878071518781995&oauth_signature_method=HMAC-SHA1&oauth_timestamp=1518781995&oauth_token=151356238-WXtfWUZphySy0Em9qizCozVJA9FVue66Pfe2u2Xo&oauth_version=1.0&track=technology
17:23:15,216 oauthlib.oauth1.rfc5849 DEBUG 141 Normalized URI: https://stream.twitter.com/1.1/statuses/filter.json
17:23:15,216 oauthlib.oauth1.rfc5849 DEBUG 146 Signing: signature base string: POST&https%3A%2F%2Fstream.twitter.com%2F1.1%2Fstatuses%2Ffilter.json&oauth_consumer_key%3DSQBP5hqu3KFAoA8V8kIYvz0ko%26oauth_nonce%3D72055196712507878071518781995%26oauth_signature_method%3DHMAC-SHA1%26oauth_timestamp%3D1518781995%26oauth_token%3D151356238-WXtfWUZphySy0Em9qizCozVJA9FVue66Pfe2u2Xo%26oauth_version%3D1.0%26track%3Dtechnology
17:23:15,217 oauthlib.oauth1.rfc5849 DEBUG 153 Signature: 9zQQ8WQtxtWzZU68sHQESUsWC+s=
17:23:15,217 oauthlib.oauth1.rfc5849 DEBUG 321 Encoding URI, headers and body to utf-8.
17:23:15,217 requests_oauthlib.oauth1_auth DEBUG 92 Updated url: https://stream.twitter.com/1.1/statuses/filter.json
17:23:15,217 requests_oauthlib.oauth1_auth DEBUG 93 Updated headers: {'Content-Length': '16', 'Content-Type': 'application/x-www-form-urlencoded', 'Authorization': 'OAuth oauth_nonce="72055196712507878071518781995", oauth_timestamp="1518781995", oauth_version="1.0", oauth_signature_method="HMAC-SHA1", oauth_consumer_key="SQBP5hqu3KFAoA8V8kIYvz0ko", oauth_token="151356238-WXtfWUZphySy0Em9qizCozVJA9FVue66Pfe2u2Xo", oauth_signature="9zQQ8WQtxtWzZU68sHQESUsWC%2Bs%3D"', 'User-Agent': 'Birdy Twitter Client v0.3.2'}
17:23:15,217 requests_oauthlib.oauth1_auth DEBUG 94 Updated body: 'track=technology'
17:23:15,218 urllib3.connectionpool DEBUG 243 Resetting dropped connection: stream.twitter.com
17:23:21,922 urllib3.connectionpool DEBUG 396 https://stream.twitter.com:443 "POST /1.1/statuses/filter.json HTTP/1.1" 420 67
17:23:21,924 __main__ ERROR 51 <type 'exceptions.Exception'>
17:23:21,925 requests_oauthlib.oauth1_auth DEBUG 63 Signing request <PreparedRequest [POST]> using client <Client nonce=None, signature_method=HMAC-SHA1, realm=None, encoding=utf-8, timestamp=None, resource_owner_secret=****, decoding=utf-8, verifier=None, signature_type=AUTH_HEADER, rsa_key=None, resource_owner_key=151356238-WXtfWUZphySy0Em9qizCozVJA9FVue66Pfe2u2Xo, client_secret=****, callback_uri=None, client_key=SQBP5hqu3KFAoA8V8kIYvz0ko>
17:23:21,925 requests_oauthlib.oauth1_auth DEBUG 75 Including body in call to sign: True
17:23:21,926 oauthlib.oauth1.rfc5849 DEBUG 135 Collected params: [(u'oauth_nonce', u'143151570652577258521518782001'), (u'oauth_timestamp', u'1518782001'), (u'oauth_consumer_key', u'SQBP5hqu3KFAoA8V8kIYvz0ko'), (u'oauth_signature_method', u'HMAC-SHA1'), (u'oauth_version', u'1.0'), (u'oauth_token', u'151356238-WXtfWUZphySy0Em9qizCozVJA9FVue66Pfe2u2Xo'), (u'track', u'technology')]
17:23:21,926 oauthlib.oauth1.rfc5849 DEBUG 140 Normalized params: oauth_consumer_key=SQBP5hqu3KFAoA8V8kIYvz0ko&oauth_nonce=143151570652577258521518782001&oauth_signature_method=HMAC-SHA1&oauth_timestamp=1518782001&oauth_token=151356238-WXtfWUZphySy0Em9qizCozVJA9FVue66Pfe2u2Xo&oauth_version=1.0&track=technology
17:23:21,927 oauthlib.oauth1.rfc5849 DEBUG 141 Normalized URI: https://stream.twitter.com/1.1/statuses/filter.json
17:23:21,927 oauthlib.oauth1.rfc5849 DEBUG 146 Signing: signature base string: POST&https%3A%2F%2Fstream.twitter.com%2F1.1%2Fstatuses%2Ffilter.json&oauth_consumer_key%3DSQBP5hqu3KFAoA8V8kIYvz0ko%26oauth_nonce%3D143151570652577258521518782001%26oauth_signature_method%3DHMAC-SHA1%26oauth_timestamp%3D1518782001%26oauth_token%3D151356238-WXtfWUZphySy0Em9qizCozVJA9FVue66Pfe2u2Xo%26oauth_version%3D1.0%26track%3Dtechnology
17:23:21,927 oauthlib.oauth1.rfc5849 DEBUG 153 Signature: rO+K6Ew/TPkEAuxKJ+VejzfG9wE=
17:23:21,928 oauthlib.oauth1.rfc5849 DEBUG 321 Encoding URI, headers and body to utf-8.
17:23:21,928 requests_oauthlib.oauth1_auth DEBUG 92 Updated url: https://stream.twitter.com/1.1/statuses/filter.json
17:23:21,928 requests_oauthlib.oauth1_auth DEBUG 93 Updated headers: {'Content-Length': '16', 'Content-Type': 'application/x-www-form-urlencoded', 'Authorization': 'OAuth oauth_nonce="143151570652577258521518782001", oauth_timestamp="1518782001", oauth_version="1.0", oauth_signature_method="HMAC-SHA1", oauth_consumer_key="SQBP5hqu3KFAoA8V8kIYvz0ko", oauth_token="151356238-WXtfWUZphySy0Em9qizCozVJA9FVue66Pfe2u2Xo", oauth_signature="rO%2BK6Ew%2FTPkEAuxKJ%2BVejzfG9wE%3D"', 'User-Agent': 'Birdy Twitter Client v0.3.2'}
17:23:21,928 requests_oauthlib.oauth1_auth DEBUG 94 Updated body: 'track=technology'
17:23:21,929 urllib3.connectionpool DEBUG 243 Resetting dropped connection: stream.twitter.com
17:23:28,41 urllib3.connectionpool DEBUG 396 https://stream.twitter.com:443 "POST /1.1/statuses/filter.json HTTP/1.1" 420 67
17:23:28,43 __main__ ERROR 51 <type 'exceptions.Exception'>
17:23:28,44 requests_oauthlib.oauth1_auth DEBUG 63 Signing request <PreparedRequest [POST]> using client <Client nonce=None, signature_method=HMAC-SHA1, realm=None, encoding=utf-8, timestamp=None, resource_owner_secret=****, decoding=utf-8, verifier=None, signature_type=AUTH_HEADER, rsa_key=None, resource_owner_key=151356238-WXtfWUZphySy0Em9qizCozVJA9FVue66Pfe2u2Xo, client_secret=****, callback_uri=None, client_key=SQBP5hqu3KFAoA8V8kIYvz0ko>
17:23:28,44 requests_oauthlib.oauth1_auth DEBUG 75 Including body in call to sign: True
17:23:28,45 oauthlib.oauth1.rfc5849 DEBUG 135 Collected params: [(u'oauth_nonce', u'129897981429070962621518782008'), (u'oauth_timestamp', u'1518782008'), (u'oauth_consumer_key', u'SQBP5hqu3KFAoA8V8kIYvz0ko'), (u'oauth_signature_method', u'HMAC-SHA1'), (u'oauth_version', u'1.0'), (u'oauth_token', u'151356238-WXtfWUZphySy0Em9qizCozVJA9FVue66Pfe2u2Xo'), (u'track', u'technology')]
17:23:28,46 oauthlib.oauth1.rfc5849 DEBUG 140 Normalized params: oauth_consumer_key=SQBP5hqu3KFAoA8V8kIYvz0ko&oauth_nonce=129897981429070962621518782008&oauth_signature_method=HMAC-SHA1&oauth_timestamp=1518782008&oauth_token=151356238-WXtfWUZphySy0Em9qizCozVJA9FVue66Pfe2u2Xo&oauth_version=1.0&track=technology
17:23:28,46 oauthlib.oauth1.rfc5849 DEBUG 141 Normalized URI: https://stream.twitter.com/1.1/statuses/filter.json
17:23:28,46 oauthlib.oauth1.rfc5849 DEBUG 146 Signing: signature base string: POST&https%3A%2F%2Fstream.twitter.com%2F1.1%2Fstatuses%2Ffilter.json&oauth_consumer_key%3DSQBP5hqu3KFAoA8V8kIYvz0ko%26oauth_nonce%3D129897981429070962621518782008%26oauth_signature_method%3DHMAC-SHA1%26oauth_timestamp%3D1518782008%26oauth_token%3D151356238-WXtfWUZphySy0Em9qizCozVJA9FVue66Pfe2u2Xo%26oauth_version%3D1.0%26track%3Dtechnology
17:23:28,46 oauthlib.oauth1.rfc5849 DEBUG 153 Signature: tYALP2BN0YNbe9zdmWHVR28E7IU=
17:23:28,47 oauthlib.oauth1.rfc5849 DEBUG 321 Encoding URI, headers and body to utf-8.
17:23:28,47 requests_oauthlib.oauth1_auth DEBUG 92 Updated url: https://stream.twitter.com/1.1/statuses/filter.json
17:23:28,47 requests_oauthlib.oauth1_auth DEBUG 93 Updated headers: {'Content-Length': '16', 'Content-Type': 'application/x-www-form-urlencoded', 'Authorization': 'OAuth oauth_nonce="129897981429070962621518782008", oauth_timestamp="1518782008", oauth_version="1.0", oauth_signature_method="HMAC-SHA1", oauth_consumer_key="SQBP5hqu3KFAoA8V8kIYvz0ko", oauth_token="151356238-WXtfWUZphySy0Em9qizCozVJA9FVue66Pfe2u2Xo", oauth_signature="tYALP2BN0YNbe9zdmWHVR28E7IU%3D"', 'User-Agent': 'Birdy Twitter Client v0.3.2'}
17:23:28,48 requests_oauthlib.oauth1_auth DEBUG 94 Updated body: 'track=technology'
17:23:28,48 urllib3.connectionpool DEBUG 243 Resetting dropped connection: stream.twitter.com
17:23:34,173 urllib3.connectionpool DEBUG 396 https://stream.twitter.com:443 "POST /1.1/statuses/filter.json HTTP/1.1" 420 67
17:23:34,174 __main__ ERROR 51 <type 'exceptions.Exception'>
17:23:34,175 requests_oauthlib.oauth1_auth DEBUG 63 Signing request <PreparedRequest [POST]> using client <Client nonce=None, signature_method=HMAC-SHA1, realm=None, encoding=utf-8, timestamp=None, resource_owner_secret=****, decoding=utf-8, verifier=None, signature_type=AUTH_HEADER, rsa_key=None, resource_owner_key=151356238-WXtfWUZphySy0Em9qizCozVJA9FVue66Pfe2u2Xo, client_secret=****, callback_uri=None, client_key=SQBP5hqu3KFAoA8V8kIYvz0ko>
17:23:34,175 requests_oauthlib.oauth1_auth DEBUG 75 Including body in call to sign: True
17:23:34,176 oauthlib.oauth1.rfc5849 DEBUG 135 Collected params: [(u'oauth_nonce', u'4283791981173024311518782014'), (u'oauth_timestamp', u'1518782014'), (u'oauth_consumer_key', u'SQBP5hqu3KFAoA8V8kIYvz0ko'), (u'oauth_signature_method', u'HMAC-SHA1'), (u'oauth_version', u'1.0'), (u'oauth_token', u'151356238-WXtfWUZphySy0Em9qizCozVJA9FVue66Pfe2u2Xo'), (u'track', u'technology')]
17:23:34,176 oauthlib.oauth1.rfc5849 DEBUG 140 Normalized params: oauth_consumer_key=SQBP5hqu3KFAoA8V8kIYvz0ko&oauth_nonce=4283791981173024311518782014&oauth_signature_method=HMAC-SHA1&oauth_timestamp=1518782014&oauth_token=151356238-WXtfWUZphySy0Em9qizCozVJA9FVue66Pfe2u2Xo&oauth_version=1.0&track=technology
17:23:34,176 oauthlib.oauth1.rfc5849 DEBUG 141 Normalized URI: https://stream.twitter.com/1.1/statuses/filter.json
17:23:34,177 oauthlib.oauth1.rfc5849 DEBUG 146 Signing: signature base string: POST&https%3A%2F%2Fstream.twitter.com%2F1.1%2Fstatuses%2Ffilter.json&oauth_consumer_key%3DSQBP5hqu3KFAoA8V8kIYvz0ko%26oauth_nonce%3D4283791981173024311518782014%26oauth_signature_method%3DHMAC-SHA1%26oauth_timestamp%3D1518782014%26oauth_token%3D151356238-WXtfWUZphySy0Em9qizCozVJA9FVue66Pfe2u2Xo%26oauth_version%3D1.0%26track%3Dtechnology
17:23:34,177 oauthlib.oauth1.rfc5849 DEBUG 153 Signature: D4UELYnSTyIw4OEzl8vorP9Jkho=
17:23:34,177 oauthlib.oauth1.rfc5849 DEBUG 321 Encoding URI, headers and body to utf-8.
17:23:34,177 requests_oauthlib.oauth1_auth DEBUG 92 Updated url: https://stream.twitter.com/1.1/statuses/filter.json
17:23:34,177 requests_oauthlib.oauth1_auth DEBUG 93 Updated headers: {'Content-Length': '16', 'Content-Type': 'application/x-www-form-urlencoded', 'Authorization': 'OAuth oauth_nonce="4283791981173024311518782014", oauth_timestamp="1518782014", oauth_version="1.0", oauth_signature_method="HMAC-SHA1", oauth_consumer_key="SQBP5hqu3KFAoA8V8kIYvz0ko", oauth_token="151356238-WXtfWUZphySy0Em9qizCozVJA9FVue66Pfe2u2Xo", oauth_signature="D4UELYnSTyIw4OEzl8vorP9Jkho%3D"', 'User-Agent': 'Birdy Twitter Client v0.3.2'}
17:23:34,177 requests_oauthlib.oauth1_auth DEBUG 94 Updated body: 'track=technology'
17:23:34,178 urllib3.connectionpool DEBUG 243 Resetting dropped connection: stream.twitter.com
17:23:40,288 urllib3.connectionpool DEBUG 396 https://stream.twitter.com:443 "POST /1.1/statuses/filter.json HTTP/1.1" 420 67
17:23:40,289 __main__ ERROR 51 <type 'exceptions.Exception'>
17:23:40,290 requests_oauthlib.oauth1_auth DEBUG 63 Signing request <PreparedRequest [POST]> using client <Client nonce=None, signature_method=HMAC-SHA1, realm=None, encoding=utf-8, timestamp=None, resource_owner_secret=****, decoding=utf-8, verifier=None, signature_type=AUTH_HEADER, rsa_key=None, resource_owner_key=151356238-WXtfWUZphySy0Em9qizCozVJA9FVue66Pfe2u2Xo, client_secret=****, callback_uri=None, client_key=SQBP5hqu3KFAoA8V8kIYvz0ko>
17:23:40,290 requests_oauthlib.oauth1_auth DEBUG 75 Including body in call to sign: True
17:23:40,291 oauthlib.oauth1.rfc5849 DEBUG 135 Collected params: [(u'oauth_nonce', u'59571700176196178291518782020'), (u'oauth_timestamp', u'1518782020'), (u'oauth_consumer_key', u'SQBP5hqu3KFAoA8V8kIYvz0ko'), (u'oauth_signature_method', u'HMAC-SHA1'), (u'oauth_version', u'1.0'), (u'oauth_token', u'151356238-WXtfWUZphySy0Em9qizCozVJA9FVue66Pfe2u2Xo'), (u'track', u'technology')]
17:23:40,291 oauthlib.oauth1.rfc5849 DEBUG 140 Normalized params: oauth_consumer_key=SQBP5hqu3KFAoA8V8kIYvz0ko&oauth_nonce=59571700176196178291518782020&oauth_signature_method=HMAC-SHA1&oauth_timestamp=1518782020&oauth_token=151356238-WXtfWUZphySy0Em9qizCozVJA9FVue66Pfe2u2Xo&oauth_version=1.0&track=technology
17:23:40,291 oauthlib.oauth1.rfc5849 DEBUG 141 Normalized URI: https://stream.twitter.com/1.1/statuses/filter.json
17:23:40,291 oauthlib.oauth1.rfc5849 DEBUG 146 Signing: signature base string: POST&https%3A%2F%2Fstream.twitter.com%2F1.1%2Fstatuses%2Ffilter.json&oauth_consumer_key%3DSQBP5hqu3KFAoA8V8kIYvz0ko%26oauth_nonce%3D59571700176196178291518782020%26oauth_signature_method%3DHMAC-SHA1%26oauth_timestamp%3D1518782020%26oauth_token%3D151356238-WXtfWUZphySy0Em9qizCozVJA9FVue66Pfe2u2Xo%26oauth_version%3D1.0%26track%3Dtechnology
17:23:40,292 oauthlib.oauth1.rfc5849 DEBUG 153 Signature: iPd+r14pu5Yg/Upxwc/DESpaI7Y=
17:23:40,292 oauthlib.oauth1.rfc5849 DEBUG 321 Encoding URI, headers and body to utf-8.
17:23:40,292 requests_oauthlib.oauth1_auth DEBUG 92 Updated url: https://stream.twitter.com/1.1/statuses/filter.json
17:23:40,292 requests_oauthlib.oauth1_auth DEBUG 93 Updated headers: {'Content-Length': '16', 'Content-Type': 'application/x-www-form-urlencoded', 'Authorization': 'OAuth oauth_nonce="59571700176196178291518782020", oauth_timestamp="1518782020", oauth_version="1.0", oauth_signature_method="HMAC-SHA1", oauth_consumer_key="SQBP5hqu3KFAoA8V8kIYvz0ko", oauth_token="151356238-WXtfWUZphySy0Em9qizCozVJA9FVue66Pfe2u2Xo", oauth_signature="iPd%2Br14pu5Yg%2FUpxwc%2FDESpaI7Y%3D"', 'User-Agent': 'Birdy Twitter Client v0.3.2'}
17:23:40,292 requests_oauthlib.oauth1_auth DEBUG 94 Updated body: 'track=technology'
17:23:40,293 urllib3.connectionpool DEBUG 243 Resetting dropped connection: stream.twitter.com
17:23:46,431 urllib3.connectionpool DEBUG 396 https://stream.twitter.com:443 "POST /1.1/statuses/filter.json HTTP/1.1" 420 67
17:23:46,434 __main__ ERROR 51 <type 'exceptions.Exception'>
17:23:46,435 requests_oauthlib.oauth1_auth DEBUG 63 Signing request <PreparedRequest [POST]> using client <Client nonce=None, signature_method=HMAC-SHA1, realm=None, encoding=utf-8, timestamp=None, resource_owner_secret=****, decoding=utf-8, verifier=None, signature_type=AUTH_HEADER, rsa_key=None, resource_owner_key=151356238-WXtfWUZphySy0Em9qizCozVJA9FVue66Pfe2u2Xo, client_secret=****, callback_uri=None, client_key=SQBP5hqu3KFAoA8V8kIYvz0ko>
17:23:46,435 requests_oauthlib.oauth1_auth DEBUG 75 Including body in call to sign: True
17:23:46,436 oauthlib.oauth1.rfc5849 DEBUG 135 Collected params: [(u'oauth_nonce', u'31270023647822667051518782026'), (u'oauth_timestamp', u'1518782026'), (u'oauth_consumer_key', u'SQBP5hqu3KFAoA8V8kIYvz0ko'), (u'oauth_signature_method', u'HMAC-SHA1'), (u'oauth_version', u'1.0'), (u'oauth_token', u'151356238-WXtfWUZphySy0Em9qizCozVJA9FVue66Pfe2u2Xo'), (u'track', u'technology')]
17:23:46,437 oauthlib.oauth1.rfc5849 DEBUG 140 Normalized params: oauth_consumer_key=SQBP5hqu3KFAoA8V8kIYvz0ko&oauth_nonce=31270023647822667051518782026&oauth_signature_method=HMAC-SHA1&oauth_timestamp=1518782026&oauth_token=151356238-WXtfWUZphySy0Em9qizCozVJA9FVue66Pfe2u2Xo&oauth_version=1.0&track=technology
17:23:46,437 oauthlib.oauth1.rfc5849 DEBUG 141 Normalized URI: https://stream.twitter.com/1.1/statuses/filter.json
17:23:46,437 oauthlib.oauth1.rfc5849 DEBUG 146 Signing: signature base string: POST&https%3A%2F%2Fstream.twitter.com%2F1.1%2Fstatuses%2Ffilter.json&oauth_consumer_key%3DSQBP5hqu3KFAoA8V8kIYvz0ko%26oauth_nonce%3D31270023647822667051518782026%26oauth_signature_method%3DHMAC-SHA1%26oauth_timestamp%3D1518782026%26oauth_token%3D151356238-WXtfWUZphySy0Em9qizCozVJA9FVue66Pfe2u2Xo%26oauth_version%3D1.0%26track%3Dtechnology
17:23:46,437 oauthlib.oauth1.rfc5849 DEBUG 153 Signature: qW8elHyACU/hfTc8ASqoH0cGD7U=
17:23:46,438 oauthlib.oauth1.rfc5849 DEBUG 321 Encoding URI, headers and body to utf-8.
17:23:46,438 requests_oauthlib.oauth1_auth DEBUG 92 Updated url: https://stream.twitter.com/1.1/statuses/filter.json
17:23:46,438 requests_oauthlib.oauth1_auth DEBUG 93 Updated headers: {'Content-Length': '16', 'Content-Type': 'application/x-www-form-urlencoded', 'Authorization': 'OAuth oauth_nonce="31270023647822667051518782026", oauth_timestamp="1518782026", oauth_version="1.0", oauth_signature_method="HMAC-SHA1", oauth_consumer_key="SQBP5hqu3KFAoA8V8kIYvz0ko", oauth_token="151356238-WXtfWUZphySy0Em9qizCozVJA9FVue66Pfe2u2Xo", oauth_signature="qW8elHyACU%2FhfTc8ASqoH0cGD7U%3D"', 'User-Agent': 'Birdy Twitter Client v0.3.2'}
17:23:46,438 requests_oauthlib.oauth1_auth DEBUG 94 Updated body: 'track=technology'
17:23:46,439 urllib3.connectionpool DEBUG 243 Resetting dropped connection: stream.twitter.com
17:23:52,586 urllib3.connectionpool DEBUG 396 https://stream.twitter.com:443 "POST /1.1/statuses/filter.json HTTP/1.1" 420 67
17:23:52,588 __main__ ERROR 51 <type 'exceptions.Exception'>
17:23:52,589 requests_oauthlib.oauth1_auth DEBUG 63 Signing request <PreparedRequest [POST]> using client <Client nonce=None, signature_method=HMAC-SHA1, realm=None, encoding=utf-8, timestamp=None, resource_owner_secret=****, decoding=utf-8, verifier=None, signature_type=AUTH_HEADER, rsa_key=None, resource_owner_key=151356238-WXtfWUZphySy0Em9qizCozVJA9FVue66Pfe2u2Xo, client_secret=****, callback_uri=None, client_key=SQBP5hqu3KFAoA8V8kIYvz0ko>
17:23:52,589 requests_oauthlib.oauth1_auth DEBUG 75 Including body in call to sign: True
17:23:52,590 oauthlib.oauth1.rfc5849 DEBUG 135 Collected params: [(u'oauth_nonce', u'2692598018006082331518782032'), (u'oauth_timestamp', u'1518782032'), (u'oauth_consumer_key', u'SQBP5hqu3KFAoA8V8kIYvz0ko'), (u'oauth_signature_method', u'HMAC-SHA1'), (u'oauth_version', u'1.0'), (u'oauth_token', u'151356238-WXtfWUZphySy0Em9qizCozVJA9FVue66Pfe2u2Xo'), (u'track', u'technology')]
17:23:52,591 oauthlib.oauth1.rfc5849 DEBUG 140 Normalized params: oauth_consumer_key=SQBP5hqu3KFAoA8V8kIYvz0ko&oauth_nonce=2692598018006082331518782032&oauth_signature_method=HMAC-SHA1&oauth_timestamp=1518782032&oauth_token=151356238-WXtfWUZphySy0Em9qizCozVJA9FVue66Pfe2u2Xo&oauth_version=1.0&track=technology
17:23:52,591 oauthlib.oauth1.rfc5849 DEBUG 141 Normalized URI: https://stream.twitter.com/1.1/statuses/filter.json
17:23:52,591 oauthlib.oauth1.rfc5849 DEBUG 146 Signing: signature base string: POST&https%3A%2F%2Fstream.twitter.com%2F1.1%2Fstatuses%2Ffilter.json&oauth_consumer_key%3DSQBP5hqu3KFAoA8V8kIYvz0ko%26oauth_nonce%3D2692598018006082331518782032%26oauth_signature_method%3DHMAC-SHA1%26oauth_timestamp%3D1518782032%26oauth_token%3D151356238-WXtfWUZphySy0Em9qizCozVJA9FVue66Pfe2u2Xo%26oauth_version%3D1.0%26track%3Dtechnology
17:23:52,591 oauthlib.oauth1.rfc5849 DEBUG 153 Signature: U0xF9MdV9vMMuwSBGB2JcB3GXEU=
17:23:52,592 oauthlib.oauth1.rfc5849 DEBUG 321 Encoding URI, headers and body to utf-8.
17:23:52,592 requests_oauthlib.oauth1_auth DEBUG 92 Updated url: https://stream.twitter.com/1.1/statuses/filter.json
17:23:52,592 requests_oauthlib.oauth1_auth DEBUG 93 Updated headers: {'Content-Length': '16', 'Content-Type': 'application/x-www-form-urlencoded', 'Authorization': 'OAuth oauth_nonce="2692598018006082331518782032", oauth_timestamp="1518782032", oauth_version="1.0", oauth_signature_method="HMAC-SHA1", oauth_consumer_key="SQBP5hqu3KFAoA8V8kIYvz0ko", oauth_token="151356238-WXtfWUZphySy0Em9qizCozVJA9FVue66Pfe2u2Xo", oauth_signature="U0xF9MdV9vMMuwSBGB2JcB3GXEU%3D"', 'User-Agent': 'Birdy Twitter Client v0.3.2'}
17:23:52,592 requests_oauthlib.oauth1_auth DEBUG 94 Updated body: 'track=technology'
17:23:52,593 urllib3.connectionpool DEBUG 243 Resetting dropped connection: stream.twitter.com
